[ 2019-04-18T07:01:55+08:00 ] ::1 ::1 POST /api/v1/token/user
[ log ] z.cn/api/v1/token/user [运行时间：0.372990s][吞吐率：2.68req/s] [内存消耗：3,821.47kb] [文件加载：51]

---------------------------------------------------------------
[ 2019-04-18T07:01:56+08:00 ] ::1 ::1 GET /api/v1/product/recent
[ log ] z.cn/api/v1/product/recent [运行时间：0.108646s][吞吐率：9.20req/s] [内存消耗：4,195.75kb] [文件加载：53]

---------------------------------------------------------------
[ 2019-04-18T07:01:56+08:00 ] ::1 ::1 GET /api/v1/theme?ids=1,2,3
[ log ] z.cn/api/v1/theme?ids=1,2,3 [运行时间：0.129151s][吞吐率：7.74req/s] [内存消耗：4,347.40kb] [文件加载：57]

---------------------------------------------------------------
[ 2019-04-18T07:01:56+08:00 ] ::1 ::1 GET /api/v1/banner/%201
[ log ] z.cn/api/v1/banner/%201 [运行时间：0.148694s][吞吐率：6.73req/s] [内存消耗：4,430.84kb] [文件加载：60]

---------------------------------------------------------------
[ 2019-04-18T07:02:12+08:00 ] ::1 ::1 POST /api/v1/token/verify
[ log ] z.cn/api/v1/token/verify [运行时间：0.070419s][吞吐率：14.20req/s] [内存消耗：1,864.05kb] [文件加载：36]

---------------------------------------------------------------
[ 2019-04-18T07:02:13+08:00 ] ::1 ::1 GET /api/v1/product/recent
[ log ] z.cn/api/v1/product/recent [运行时间：0.109168s][吞吐率：9.16req/s] [内存消耗：4,195.75kb] [文件加载：53]

---------------------------------------------------------------
[ 2019-04-18T07:02:13+08:00 ] ::1 ::1 GET /api/v1/banner/%201
[ log ] z.cn/api/v1/banner/%201 [运行时间：0.154555s][吞吐率：6.47req/s] [内存消耗：4,430.84kb] [文件加载：60]

---------------------------------------------------------------
[ 2019-04-18T07:02:13+08:00 ] ::1 ::1 GET /api/v1/theme?ids=1,2,3
[ log ] z.cn/api/v1/theme?ids=1,2,3 [运行时间：0.145978s][吞吐率：6.85req/s] [内存消耗：4,347.52kb] [文件加载：57]

---------------------------------------------------------------
[ 2019-04-18T07:02:16+08:00 ] ::1 ::1 GET /api/v1/theme/1
[ log ] z.cn/api/v1/theme/1 [运行时间：0.117189s][吞吐率：8.53req/s] [内存消耗：4,524.91kb] [文件加载：60]

---------------------------------------------------------------
[ 2019-04-18T07:02:18+08:00 ] ::1 ::1 GET /api/v1/product/5
[ log ] z.cn/api/v1/product/5 [运行时间：0.513446s][吞吐率：1.95req/s] [内存消耗：4,491.52kb] [文件加载：60]

---------------------------------------------------------------
