[ 2019-04-19T02:44:38+08:00 ] ::1 ::1 POST /api/v1/token/verify
[ log ] z.cn/api/v1/token/verify [运行时间：0.191189s][吞吐率：5.23req/s] [内存消耗：1,863.84kb] [文件加载：36]

---------------------------------------------------------------
[ 2019-04-19T02:44:39+08:00 ] ::1 ::1 GET /api/v1/product/recent
[ log ] z.cn/api/v1/product/recent [运行时间：0.162581s][吞吐率：6.15req/s] [内存消耗：4,195.75kb] [文件加载：53]

---------------------------------------------------------------
[ 2019-04-19T02:44:39+08:00 ] ::1 ::1 GET /api/v1/banner/%201
[ log ] z.cn/api/v1/banner/%201 [运行时间：0.188719s][吞吐率：5.30req/s] [内存消耗：4,430.84kb] [文件加载：60]

---------------------------------------------------------------
[ 2019-04-19T02:44:39+08:00 ] ::1 ::1 GET /api/v1/theme?ids=1,2,3
[ log ] z.cn/api/v1/theme?ids=1,2,3 [运行时间：0.176686s][吞吐率：5.66req/s] [内存消耗：4,347.40kb] [文件加载：57]

---------------------------------------------------------------
[ 2019-04-19T02:44:45+08:00 ] ::1 ::1 GET /api/v1/product/12
[ log ] z.cn/api/v1/product/12 [运行时间：0.145427s][吞吐率：6.88req/s] [内存消耗：4,491.64kb] [文件加载：60]

---------------------------------------------------------------
[ 2019-04-19T02:44:57+08:00 ] ::1 ::1 GET /api/v1/theme/1
[ log ] z.cn/api/v1/theme/1 [运行时间：0.187027s][吞吐率：5.35req/s] [内存消耗：4,524.91kb] [文件加载：60]

---------------------------------------------------------------
[ 2019-04-19T03:05:18+08:00 ] ::1 ::1 POST /api/v1/token/user
[ log ] z.cn/api/v1/token/user [运行时间：0.494450s][吞吐率：2.02req/s] [内存消耗：3,821.30kb] [文件加载：51]

---------------------------------------------------------------
[ 2019-04-19T03:05:18+08:00 ] ::1 ::1 GET /api/v1/product/recent
[ log ] z.cn/api/v1/product/recent [运行时间：0.113241s][吞吐率：8.83req/s] [内存消耗：4,195.75kb] [文件加载：53]

---------------------------------------------------------------
[ 2019-04-19T03:05:18+08:00 ] ::1 ::1 GET /api/v1/banner/%201
[ log ] z.cn/api/v1/banner/%201 [运行时间：0.141581s][吞吐率：7.06req/s] [内存消耗：4,430.84kb] [文件加载：60]

---------------------------------------------------------------
[ 2019-04-19T03:05:18+08:00 ] ::1 ::1 GET /api/v1/theme?ids=1,2,3
[ log ] z.cn/api/v1/theme?ids=1,2,3 [运行时间：0.131115s][吞吐率：7.63req/s] [内存消耗：4,347.40kb] [文件加载：57]

---------------------------------------------------------------
[ 2019-04-19T03:08:13+08:00 ] 127.0.0.1 127.0.0.1 GET /api/v1/banner/1
[ log ] z.cn/api/v1/banner/1 [运行时间：0.118464s][吞吐率：8.44req/s] [内存消耗：4,431.12kb] [文件加载：60]

---------------------------------------------------------------
[ 2019-04-19T03:08:20+08:00 ] ::1 ::1 POST /api/v1/token/verify
[ log ] z.cn/api/v1/token/verify [运行时间：0.054641s][吞吐率：18.30req/s] [内存消耗：1,863.84kb] [文件加载：36]

---------------------------------------------------------------
[ 2019-04-19T03:08:21+08:00 ] ::1 ::1 GET /api/v1/product/recent
[ log ] z.cn/api/v1/product/recent [运行时间：0.117494s][吞吐率：8.51req/s] [内存消耗：4,195.75kb] [文件加载：53]

---------------------------------------------------------------
[ 2019-04-19T03:08:21+08:00 ] ::1 ::1 GET /api/v1/theme?ids=1,2,3
[ log ] z.cn/api/v1/theme?ids=1,2,3 [运行时间：0.119726s][吞吐率：8.35req/s] [内存消耗：4,347.40kb] [文件加载：57]

---------------------------------------------------------------
[ 2019-04-19T03:08:21+08:00 ] ::1 ::1 GET /api/v1/banner/%201
[ log ] z.cn/api/v1/banner/%201 [运行时间：0.149001s][吞吐率：6.71req/s] [内存消耗：4,430.84kb] [文件加载：60]

---------------------------------------------------------------
[ 2019-04-19T03:08:27+08:00 ] ::1 ::1 GET /api/v1/product/2
[ log ] z.cn/api/v1/product/2 [运行时间：0.413588s][吞吐率：2.42req/s] [内存消耗：4,493.69kb] [文件加载：60]

---------------------------------------------------------------
[ 2019-04-19T03:08:32+08:00 ] ::1 ::1 GET /api/v1/theme/1
[ log ] z.cn/api/v1/theme/1 [运行时间：0.155991s][吞吐率：6.41req/s] [内存消耗：4,524.91kb] [文件加载：60]

---------------------------------------------------------------
[ 2019-04-19T03:08:33+08:00 ] ::1 ::1 GET /api/v1/product/2
[ log ] z.cn/api/v1/product/2 [运行时间：0.124816s][吞吐率：8.01req/s] [内存消耗：4,493.69kb] [文件加载：60]

---------------------------------------------------------------
[ 2019-04-19T03:08:39+08:00 ] ::1 ::1 GET /api/v1/address
[ log ] z.cn/api/v1/address [运行时间：0.124737s][吞吐率：8.02req/s] [内存消耗：3,935.74kb] [文件加载：54]

---------------------------------------------------------------
[ 2019-04-19T03:08:40+08:00 ] ::1 ::1 POST /api/v1/order
[ log ] z.cn/api/v1/order [运行时间：0.163611s][吞吐率：6.11req/s] [内存消耗：4,588.80kb] [文件加载：63]

---------------------------------------------------------------
[ 2019-04-19T03:08:42+08:00 ] ::1 ::1 GET /api/v1/address
[ log ] z.cn/api/v1/address [运行时间：0.138613s][吞吐率：7.21req/s] [内存消耗：3,935.74kb] [文件加载：54]

---------------------------------------------------------------
[ 2019-04-19T03:08:42+08:00 ] ::1 ::1 GET /api/v1/order/by_user?page=1
[ log ] z.cn/api/v1/order/by_user?page=1 [运行时间：0.159756s][吞吐率：6.26req/s] [内存消耗：4,480.07kb] [文件加载：61]

---------------------------------------------------------------
[ 2019-04-19T03:08:42+08:00 ] ::1 ::1 GET /api/v1/order/by_user?page=1
[ log ] z.cn/api/v1/order/by_user?page=1 [运行时间：0.155270s][吞吐率：6.44req/s] [内存消耗：4,480.07kb] [文件加载：61]

---------------------------------------------------------------
[ 2019-04-19T03:09:50+08:00 ] ::1 ::1 GET /api/v1/product/3
[ log ] z.cn/api/v1/product/3 [运行时间：0.148344s][吞吐率：6.74req/s] [内存消耗：4,491.52kb] [文件加载：60]

---------------------------------------------------------------
[ 2019-04-19T03:10:53+08:00 ] ::1 ::1 POST /api/v1/token/verify
[ log ] z.cn/api/v1/token/verify [运行时间：0.090962s][吞吐率：10.99req/s] [内存消耗：1,863.84kb] [文件加载：36]

---------------------------------------------------------------
[ 2019-04-19T03:10:54+08:00 ] ::1 ::1 GET /api/v1/product/recent
[ log ] z.cn/api/v1/product/recent [运行时间：0.139863s][吞吐率：7.15req/s] [内存消耗：4,195.75kb] [文件加载：53]

---------------------------------------------------------------
[ 2019-04-19T03:10:54+08:00 ] ::1 ::1 GET /api/v1/banner/%201
[ log ] z.cn/api/v1/banner/%201 [运行时间：0.201458s][吞吐率：4.96req/s] [内存消耗：4,430.84kb] [文件加载：60]

---------------------------------------------------------------
[ 2019-04-19T03:10:54+08:00 ] ::1 ::1 GET /api/v1/theme?ids=1,2,3
[ log ] z.cn/api/v1/theme?ids=1,2,3 [运行时间：0.195859s][吞吐率：5.11req/s] [内存消耗：4,347.40kb] [文件加载：57]

---------------------------------------------------------------
[ 2019-04-19T03:11:00+08:00 ] ::1 ::1 GET /api/v1/product/2
[ log ] z.cn/api/v1/product/2 [运行时间：0.140466s][吞吐率：7.12req/s] [内存消耗：4,493.69kb] [文件加载：60]

---------------------------------------------------------------
[ 2019-04-19T03:12:05+08:00 ] ::1 ::1 POST /api/v1/token/verify
[ log ] z.cn/api/v1/token/verify [运行时间：0.045941s][吞吐率：21.77req/s] [内存消耗：1,863.84kb] [文件加载：36]

---------------------------------------------------------------
[ 2019-04-19T03:12:07+08:00 ] ::1 ::1 GET /api/v1/product/recent
[ log ] z.cn/api/v1/product/recent [运行时间：0.139061s][吞吐率：7.19req/s] [内存消耗：4,195.75kb] [文件加载：53]

---------------------------------------------------------------
[ 2019-04-19T03:12:07+08:00 ] ::1 ::1 GET /api/v1/theme?ids=1,2,3
[ log ] z.cn/api/v1/theme?ids=1,2,3 [运行时间：0.140583s][吞吐率：7.11req/s] [内存消耗：4,347.40kb] [文件加载：57]

---------------------------------------------------------------
[ 2019-04-19T03:12:07+08:00 ] ::1 ::1 GET /api/v1/banner/%201
[ log ] z.cn/api/v1/banner/%201 [运行时间：0.174817s][吞吐率：5.72req/s] [内存消耗：4,430.84kb] [文件加载：60]

---------------------------------------------------------------
[ 2019-04-19T03:15:05+08:00 ] ::1 ::1 POST /api/v1/token/verify
[ log ] z.cn/api/v1/token/verify [运行时间：0.057063s][吞吐率：17.52req/s] [内存消耗：1,863.84kb] [文件加载：36]

---------------------------------------------------------------
[ 2019-04-19T03:15:06+08:00 ] ::1 ::1 GET /api/v1/product/recent
[ log ] z.cn/api/v1/product/recent [运行时间：0.109497s][吞吐率：9.13req/s] [内存消耗：4,195.75kb] [文件加载：53]

---------------------------------------------------------------
[ 2019-04-19T03:15:06+08:00 ] ::1 ::1 GET /api/v1/theme?ids=1,2,3
[ log ] z.cn/api/v1/theme?ids=1,2,3 [运行时间：0.136744s][吞吐率：7.31req/s] [内存消耗：4,347.40kb] [文件加载：57]

---------------------------------------------------------------
[ 2019-04-19T03:15:06+08:00 ] ::1 ::1 GET /api/v1/banner/%201
[ log ] z.cn/api/v1/banner/%201 [运行时间：0.145688s][吞吐率：6.86req/s] [内存消耗：4,430.84kb] [文件加载：60]

---------------------------------------------------------------
[ 2019-04-19T03:19:09+08:00 ] ::1 ::1 POST /api/v1/token/user
[ log ] z.cn/api/v1/token/user [运行时间：0.472526s][吞吐率：2.12req/s] [内存消耗：3,821.45kb] [文件加载：51]

---------------------------------------------------------------
[ 2019-04-19T03:19:09+08:00 ] ::1 ::1 GET /api/v1/product/recent
[ log ] z.cn/api/v1/product/recent [运行时间：0.132492s][吞吐率：7.55req/s] [内存消耗：4,195.75kb] [文件加载：53]

---------------------------------------------------------------
[ 2019-04-19T03:19:09+08:00 ] ::1 ::1 GET /api/v1/banner/%201
[ log ] z.cn/api/v1/banner/%201 [运行时间：0.167739s][吞吐率：5.96req/s] [内存消耗：4,430.84kb] [文件加载：60]

---------------------------------------------------------------
[ 2019-04-19T03:19:09+08:00 ] ::1 ::1 GET /api/v1/theme?ids=1,2,3
[ log ] z.cn/api/v1/theme?ids=1,2,3 [运行时间：0.187201s][吞吐率：5.34req/s] [内存消耗：4,347.40kb] [文件加载：57]

---------------------------------------------------------------
[ 2019-04-19T03:19:35+08:00 ] ::1 ::1 GET /api/v1/product/6
[ log ] z.cn/api/v1/product/6 [运行时间：0.147440s][吞吐率：6.78req/s] [内存消耗：4,491.47kb] [文件加载：60]

---------------------------------------------------------------
[ 2019-04-19T03:19:44+08:00 ] ::1 ::1 GET /api/v1/address
[ log ] z.cn/api/v1/address [运行时间：0.130423s][吞吐率：7.67req/s] [内存消耗：3,935.74kb] [文件加载：54]

---------------------------------------------------------------
[ 2019-04-19T03:19:45+08:00 ] ::1 ::1 POST /api/v1/order
[ log ] z.cn/api/v1/order [运行时间：0.132370s][吞吐率：7.55req/s] [内存消耗：4,588.75kb] [文件加载：63]

---------------------------------------------------------------
[ 2019-04-19T03:19:47+08:00 ] ::1 ::1 GET /api/v1/address
[ log ] z.cn/api/v1/address [运行时间：0.124076s][吞吐率：8.06req/s] [内存消耗：3,935.74kb] [文件加载：54]

---------------------------------------------------------------
[ 2019-04-19T03:19:47+08:00 ] ::1 ::1 GET /api/v1/order/by_user?page=1
[ log ] z.cn/api/v1/order/by_user?page=1 [运行时间：0.155009s][吞吐率：6.45req/s] [内存消耗：4,481.40kb] [文件加载：61]

---------------------------------------------------------------
[ 2019-04-19T03:19:47+08:00 ] ::1 ::1 GET /api/v1/order/by_user?page=1
[ log ] z.cn/api/v1/order/by_user?page=1 [运行时间：0.170849s][吞吐率：5.85req/s] [内存消耗：4,481.40kb] [文件加载：61]

---------------------------------------------------------------
[ 2019-04-19T03:29:22+08:00 ] 127.0.0.1 127.0.0.1 GET /api/v1/address
[ log ] z.cn/api/v1/address [运行时间：0.082818s][吞吐率：12.07req/s] [内存消耗：3,935.63kb] [文件加载：54]

---------------------------------------------------------------
[ 2019-04-19T04:16:38+08:00 ] ::1 ::1 POST /api/v1/token/verify
[ log ] z.cn/api/v1/token/verify [运行时间：0.189884s][吞吐率：5.27req/s] [内存消耗：1,864.05kb] [文件加载：36]

---------------------------------------------------------------
[ 2019-04-19T04:16:39+08:00 ] ::1 ::1 GET /api/v1/product/recent
[ log ] z.cn/api/v1/product/recent [运行时间：0.164499s][吞吐率：6.08req/s] [内存消耗：4,195.91kb] [文件加载：53]

---------------------------------------------------------------
[ 2019-04-19T04:16:39+08:00 ] ::1 ::1 GET /api/v1/banner/%201
[ log ] z.cn/api/v1/banner/%201 [运行时间：0.201806s][吞吐率：4.96req/s] [内存消耗：4,430.84kb] [文件加载：60]

---------------------------------------------------------------
[ 2019-04-19T04:16:39+08:00 ] ::1 ::1 GET /api/v1/theme?ids=1,2,3
[ log ] z.cn/api/v1/theme?ids=1,2,3 [运行时间：0.202979s][吞吐率：4.93req/s] [内存消耗：4,347.52kb] [文件加载：57]

---------------------------------------------------------------
[ 2019-04-19T04:16:43+08:00 ] ::1 ::1 GET /api/v1/address
[ log ] z.cn/api/v1/address [运行时间：0.107249s][吞吐率：9.32req/s] [内存消耗：3,935.33kb] [文件加载：54]

---------------------------------------------------------------
[ 2019-04-19T04:16:43+08:00 ] ::1 ::1 GET /api/v1/order/by_user?page=1
[ log ] z.cn/api/v1/order/by_user?page=1 [运行时间：0.139648s][吞吐率：7.16req/s] [内存消耗：4,481.40kb] [文件加载：61]

---------------------------------------------------------------
[ 2019-04-19T23:32:31+08:00 ] ::1 ::1 POST /api/v1/token/verify
[ log ] z.cn/api/v1/token/verify [运行时间：0.110212s][吞吐率：9.07req/s] [内存消耗：1,864.05kb] [文件加载：36]

---------------------------------------------------------------
[ 2019-04-19T23:32:33+08:00 ] ::1 ::1 GET /api/v1/product/recent
[ log ] z.cn/api/v1/product/recent [运行时间：0.269821s][吞吐率：3.71req/s] [内存消耗：4,195.91kb] [文件加载：53]

---------------------------------------------------------------
[ 2019-04-19T23:32:33+08:00 ] ::1 ::1 GET /api/v1/theme?ids=1,2,3
[ log ] z.cn/api/v1/theme?ids=1,2,3 [运行时间：0.294771s][吞吐率：3.39req/s] [内存消耗：4,347.52kb] [文件加载：57]

---------------------------------------------------------------
[ 2019-04-19T23:32:33+08:00 ] ::1 ::1 GET /api/v1/banner/%201
[ log ] z.cn/api/v1/banner/%201 [运行时间：0.309758s][吞吐率：3.23req/s] [内存消耗：4,430.84kb] [文件加载：60]

---------------------------------------------------------------
[ 2019-04-19T23:32:35+08:00 ] ::1 ::1 GET /api/v1/address
[ log ] z.cn/api/v1/address [运行时间：0.134388s][吞吐率：7.44req/s] [内存消耗：3,935.65kb] [文件加载：54]

---------------------------------------------------------------
[ 2019-04-19T23:32:35+08:00 ] ::1 ::1 GET /api/v1/order/by_user?page=1
[ log ] z.cn/api/v1/order/by_user?page=1 [运行时间：0.177179s][吞吐率：5.64req/s] [内存消耗：4,481.40kb] [文件加载：61]

---------------------------------------------------------------
[ 2019-04-19T23:33:26+08:00 ] ::1 ::1 GET /api/v1/theme/1
[ log ] z.cn/api/v1/theme/1 [运行时间：0.488237s][吞吐率：2.05req/s] [内存消耗：4,524.97kb] [文件加载：60]

---------------------------------------------------------------
[ 2019-04-19T23:33:42+08:00 ] ::1 ::1 POST /api/v1/token/verify
[ log ] z.cn/api/v1/token/verify [运行时间：0.080299s][吞吐率：12.45req/s] [内存消耗：1,864.05kb] [文件加载：36]

---------------------------------------------------------------
[ 2019-04-19T23:33:43+08:00 ] ::1 ::1 GET /api/v1/product/recent
[ log ] z.cn/api/v1/product/recent [运行时间：0.141714s][吞吐率：7.06req/s] [内存消耗：4,195.91kb] [文件加载：53]

---------------------------------------------------------------
[ 2019-04-19T23:33:43+08:00 ] ::1 ::1 GET /api/v1/theme?ids=1,2,3
[ log ] z.cn/api/v1/theme?ids=1,2,3 [运行时间：0.159705s][吞吐率：6.26req/s] [内存消耗：4,347.52kb] [文件加载：57]

---------------------------------------------------------------
[ 2019-04-19T23:33:43+08:00 ] ::1 ::1 GET /api/v1/banner/%201
[ log ] z.cn/api/v1/banner/%201 [运行时间：0.199247s][吞吐率：5.02req/s] [内存消耗：4,430.84kb] [文件加载：60]

---------------------------------------------------------------
[ 2019-04-19T23:33:46+08:00 ] ::1 ::1 GET /api/v1/address
[ log ] z.cn/api/v1/address [运行时间：0.108840s][吞吐率：9.19req/s] [内存消耗：3,935.33kb] [文件加载：54]

---------------------------------------------------------------
[ 2019-04-19T23:33:46+08:00 ] ::1 ::1 GET /api/v1/order/by_user?page=1
[ log ] z.cn/api/v1/order/by_user?page=1 [运行时间：0.127314s][吞吐率：7.85req/s] [内存消耗：4,481.40kb] [文件加载：61]

---------------------------------------------------------------
[ 2019-04-19T23:34:26+08:00 ] ::1 ::1 POST /api/v1/token/verify
[ log ] z.cn/api/v1/token/verify [运行时间：0.055081s][吞吐率：18.16req/s] [内存消耗：1,863.93kb] [文件加载：36]

---------------------------------------------------------------
[ 2019-04-19T23:34:27+08:00 ] ::1 ::1 GET /api/v1/product/recent
[ log ] z.cn/api/v1/product/recent [运行时间：0.137259s][吞吐率：7.29req/s] [内存消耗：4,195.75kb] [文件加载：53]

---------------------------------------------------------------
[ 2019-04-19T23:34:27+08:00 ] ::1 ::1 GET /api/v1/theme?ids=1,2,3
[ log ] z.cn/api/v1/theme?ids=1,2,3 [运行时间：0.158035s][吞吐率：6.33req/s] [内存消耗：4,347.40kb] [文件加载：57]

---------------------------------------------------------------
[ 2019-04-19T23:34:27+08:00 ] ::1 ::1 GET /api/v1/banner/%201
[ log ] z.cn/api/v1/banner/%201 [运行时间：0.174612s][吞吐率：5.73req/s] [内存消耗：4,430.84kb] [文件加载：60]

---------------------------------------------------------------
[ 2019-04-19T23:34:30+08:00 ] ::1 ::1 GET /api/v1/address
[ log ] z.cn/api/v1/address [运行时间：0.115319s][吞吐率：8.67req/s] [内存消耗：3,935.30kb] [文件加载：54]

---------------------------------------------------------------
[ 2019-04-19T23:34:30+08:00 ] ::1 ::1 GET /api/v1/order/by_user?page=1
[ log ] z.cn/api/v1/order/by_user?page=1 [运行时间：0.122157s][吞吐率：8.19req/s] [内存消耗：4,481.40kb] [文件加载：61]

---------------------------------------------------------------
[ 2019-04-19T23:38:37+08:00 ] ::1 ::1 POST /api/v1/token/verify
[ log ] z.cn/api/v1/token/verify [运行时间：0.066012s][吞吐率：15.15req/s] [内存消耗：1,863.59kb] [文件加载：36]

---------------------------------------------------------------
[ 2019-04-19T23:38:38+08:00 ] ::1 ::1 GET /api/v1/product/recent
[ log ] z.cn/api/v1/product/recent [运行时间：0.282710s][吞吐率：3.54req/s] [内存消耗：4,196.11kb] [文件加载：53]

---------------------------------------------------------------
[ 2019-04-19T23:38:38+08:00 ] ::1 ::1 GET /api/v1/theme?ids=1,2,3
[ log ] z.cn/api/v1/theme?ids=1,2,3 [运行时间：0.308682s][吞吐率：3.24req/s] [内存消耗：4,347.74kb] [文件加载：57]

---------------------------------------------------------------
[ 2019-04-19T23:38:38+08:00 ] ::1 ::1 GET /api/v1/banner/%201
[ log ] z.cn/api/v1/banner/%201 [运行时间：0.268051s][吞吐率：3.73req/s] [内存消耗：4,431.21kb] [文件加载：60]

---------------------------------------------------------------
[ 2019-04-19T23:39:39+08:00 ] ::1 ::1 GET /api/v1/theme/2
[ log ] z.cn/api/v1/theme/2 [运行时间：0.184389s][吞吐率：5.42req/s] [内存消耗：4,524.77kb] [文件加载：60]

---------------------------------------------------------------
[ 2019-04-19T23:39:43+08:00 ] ::1 ::1 GET /api/v1/order/by_user?page=1
[ log ] z.cn/api/v1/order/by_user?page=1 [运行时间：0.213107s][吞吐率：4.69req/s] [内存消耗：4,481.09kb] [文件加载：61]

---------------------------------------------------------------
[ 2019-04-19T23:39:43+08:00 ] ::1 ::1 GET /api/v1/address
[ log ] z.cn/api/v1/address [运行时间：0.214125s][吞吐率：4.67req/s] [内存消耗：3,935.27kb] [文件加载：54]

---------------------------------------------------------------
[ 2019-04-19T23:51:22+08:00 ] ::1 ::1 POST /api/v1/token/verify
[ log ] z.cn/api/v1/token/verify [运行时间：0.164757s][吞吐率：6.07req/s] [内存消耗：1,863.59kb] [文件加载：36]

---------------------------------------------------------------
[ 2019-04-19T23:51:23+08:00 ] ::1 ::1 GET /api/v1/banner/%201
[ log ] z.cn/api/v1/banner/%201 [运行时间：0.202533s][吞吐率：4.94req/s] [内存消耗：4,430.95kb] [文件加载：60]

---------------------------------------------------------------
[ 2019-04-19T23:51:23+08:00 ] ::1 ::1 GET /api/v1/theme?ids=1,2,3
[ log ] z.cn/api/v1/theme?ids=1,2,3 [运行时间：0.178239s][吞吐率：5.61req/s] [内存消耗：4,347.74kb] [文件加载：57]

---------------------------------------------------------------
[ 2019-04-19T23:51:23+08:00 ] ::1 ::1 GET /api/v1/product/recent
[ log ] z.cn/api/v1/product/recent [运行时间：0.218947s][吞吐率：4.57req/s] [内存消耗：4,195.55kb] [文件加载：53]

---------------------------------------------------------------
[ 2019-04-19T23:51:26+08:00 ] ::1 ::1 GET /api/v1/order/by_user?page=1
[ log ] z.cn/api/v1/order/by_user?page=1 [运行时间：0.136641s][吞吐率：7.32req/s] [内存消耗：4,481.09kb] [文件加载：61]

---------------------------------------------------------------
[ 2019-04-19T23:51:26+08:00 ] ::1 ::1 GET /api/v1/address
[ log ] z.cn/api/v1/address [运行时间：0.163111s][吞吐率：6.13req/s] [内存消耗：3,935.92kb] [文件加载：54]

---------------------------------------------------------------
[ 2019-04-19T23:51:29+08:00 ] ::1 ::1 POST /api/v1/address
[ log ] z.cn/api/v1/address [运行时间：0.137992s][吞吐率：7.25req/s] [内存消耗：4,450.53kb] [文件加载：64]

---------------------------------------------------------------
