[ 2019-04-21T06:15:59+08:00 ] ::1 ::1 POST /api/v1/token/verify
[ log ] z.cn/api/v1/token/verify [运行时间：0.071358s][吞吐率：14.01req/s] [内存消耗：1,857.83kb] [文件加载：37]

---------------------------------------------------------------
[ 2019-04-21T06:16:00+08:00 ] ::1 ::1 GET /api/v1/banner/%201
[ log ] z.cn/api/v1/banner/%201 [运行时间：0.278633s][吞吐率：3.59req/s] [内存消耗：4,425.63kb] [文件加载：61]

---------------------------------------------------------------
[ 2019-04-21T06:16:00+08:00 ] ::1 ::1 GET /api/v1/theme?ids=1,2,3
[ log ] z.cn/api/v1/theme?ids=1,2,3 [运行时间：0.222698s][吞吐率：4.49req/s] [内存消耗：4,341.44kb] [文件加载：58]

---------------------------------------------------------------
[ 2019-04-21T06:16:00+08:00 ] ::1 ::1 GET /api/v1/product/recent
[ log ] z.cn/api/v1/product/recent [运行时间：0.393536s][吞吐率：2.54req/s] [内存消耗：4,189.93kb] [文件加载：54]

---------------------------------------------------------------
[ 2019-04-21T06:16:03+08:00 ] ::1 ::1 GET /api/v1/address
[ log ] z.cn/api/v1/address [运行时间：0.080811s][吞吐率：12.37req/s] [内存消耗：3,929.52kb] [文件加载：55]

---------------------------------------------------------------
[ 2019-04-21T06:16:03+08:00 ] ::1 ::1 GET /api/v1/order/by_user?page=1
[ log ] z.cn/api/v1/order/by_user?page=1 [运行时间：0.123348s][吞吐率：8.11req/s] [内存消耗：4,475.43kb] [文件加载：62]

---------------------------------------------------------------
[ 2019-04-21T07:13:16+08:00 ] 127.0.0.1 127.0.0.1 GET /api/v1/product/1
[ log ] z.cn/api/v1/product/1 [运行时间：0.377626s][吞吐率：2.65req/s] [内存消耗：4,333.45kb] [文件加载：58]

---------------------------------------------------------------
[ 2019-04-21T07:23:15+08:00 ] 127.0.0.1 127.0.0.1 GET /api/v1/product/1
[ log ] z.cn/api/v1/product/1 [运行时间：0.211644s][吞吐率：4.72req/s] [内存消耗：4,333.40kb] [文件加载：58]

---------------------------------------------------------------
[ 2019-04-21T07:23:26+08:00 ] 127.0.0.1 127.0.0.1 GET /api/v1/product/2
[ log ] z.cn/api/v1/product/2 [运行时间：0.162472s][吞吐率：6.15req/s] [内存消耗：4,335.59kb] [文件加载：58]

---------------------------------------------------------------
[ 2019-04-21T07:31:39+08:00 ] 127.0.0.1 127.0.0.1 GET /api/v1/product/by_category?id=2
[ log ] z.cn/api/v1/product/by_category?id=2 [运行时间：0.091886s][吞吐率：10.88req/s] [内存消耗：4,177.28kb] [文件加载：54]

---------------------------------------------------------------
[ 2019-04-21T07:36:08+08:00 ] 127.0.0.1 127.0.0.1 GET /api/v1/product/1
[ log ] z.cn/api/v1/product/1 [运行时间：0.110611s][吞吐率：9.04req/s] [内存消耗：4,333.40kb] [文件加载：58]

---------------------------------------------------------------
[ 2019-04-21T07:38:15+08:00 ] 127.0.0.1 127.0.0.1 GET /api/v1/product/by_category?id=2
[ log ] z.cn/api/v1/product/by_category?id=2 [运行时间：0.092609s][吞吐率：10.80req/s] [内存消耗：4,177.34kb] [文件加载：54]

---------------------------------------------------------------
[ 2019-04-21T07:43:50+08:00 ] 127.0.0.1 127.0.0.1 GET /api/v1/product/by_category?id=2
[ log ] z.cn/api/v1/product/by_category?id=2 [运行时间：0.092847s][吞吐率：10.77req/s] [内存消耗：4,176.33kb] [文件加载：54]

---------------------------------------------------------------
[ 2019-04-21T12:46:15+08:00 ] ::1 ::1 GET /api/v1/theme/1
[ log ] z.cn/api/v1/theme/1 [运行时间：0.464207s][吞吐率：2.15req/s] [内存消耗：4,506.79kb] [文件加载：61]

---------------------------------------------------------------
[ 2019-04-21T12:46:16+08:00 ] ::1 ::1 GET /api/v1/product/2
[ log ] z.cn/api/v1/product/2 [运行时间：0.140555s][吞吐率：7.11req/s] [内存消耗：4,327.30kb] [文件加载：58]

---------------------------------------------------------------
[ 2019-04-21T12:46:20+08:00 ] ::1 ::1 GET /api/v1/address
[ log ] z.cn/api/v1/address [运行时间：0.128192s][吞吐率：7.80req/s] [内存消耗：3,920.88kb] [文件加载：55]

---------------------------------------------------------------
[ 2019-04-21T12:47:23+08:00 ] ::1 ::1 GET /api/v1/product/3
[ log ] z.cn/api/v1/product/3 [运行时间：0.179846s][吞吐率：5.56req/s] [内存消耗：4,324.96kb] [文件加载：58]

---------------------------------------------------------------
[ 2019-04-21T12:47:28+08:00 ] ::1 ::1 GET /api/v1/product/4
[ log ] z.cn/api/v1/product/4 [运行时间：0.221052s][吞吐率：4.52req/s] [内存消耗：4,325.16kb] [文件加载：58]

---------------------------------------------------------------
[ 2019-04-21T12:47:34+08:00 ] ::1 ::1 GET /api/v1/address
[ log ] z.cn/api/v1/address [运行时间：0.124096s][吞吐率：8.06req/s] [内存消耗：3,920.88kb] [文件加载：55]

---------------------------------------------------------------
