[ 2019-04-30T04:22:26+08:00 ] ::1 ::1 POST /api/v1/token/app
[ log ] z.cn/api/v1/token/app [运行时间：0.153550s][吞吐率：6.51req/s] [内存消耗：3,789.14kb] [文件加载：51]

---------------------------------------------------------------
[ 2019-04-30T04:22:33+08:00 ] ::1 ::1 POST /api/v1/token/app
[ log ] z.cn/api/v1/token/app [运行时间：0.097256s][吞吐率：10.28req/s] [内存消耗：3,789.15kb] [文件加载：51]

---------------------------------------------------------------
[ 2019-04-30T04:22:33+08:00 ] ::1 ::1 POST /api/v1/token/app
[ log ] z.cn/api/v1/token/app [运行时间：0.088833s][吞吐率：11.26req/s] [内存消耗：3,789.15kb] [文件加载：51]

---------------------------------------------------------------
[ 2019-04-30T04:22:41+08:00 ] ::1 ::1 POST /api/v1/token/app
[ log ] z.cn/api/v1/token/app [运行时间：0.080802s][吞吐率：12.38req/s] [内存消耗：3,789.15kb] [文件加载：51]

---------------------------------------------------------------
[ 2019-04-30T04:22:41+08:00 ] ::1 ::1 POST /api/v1/token/app
[ log ] z.cn/api/v1/token/app [运行时间：0.092947s][吞吐率：10.76req/s] [内存消耗：3,789.15kb] [文件加载：51]

---------------------------------------------------------------
[ 2019-04-30T04:22:42+08:00 ] ::1 ::1 POST /api/v1/token/app
[ log ] z.cn/api/v1/token/app [运行时间：0.127502s][吞吐率：7.84req/s] [内存消耗：3,789.15kb] [文件加载：51]

---------------------------------------------------------------
[ 2019-04-30T04:22:42+08:00 ] ::1 ::1 POST /api/v1/token/app
[ log ] z.cn/api/v1/token/app [运行时间：0.116730s][吞吐率：8.57req/s] [内存消耗：3,789.15kb] [文件加载：51]

---------------------------------------------------------------
[ 2019-04-30T04:22:42+08:00 ] ::1 ::1 GET /api/v1/order/paginate?page=1&size=20
[ log ] z.cn/api/v1/order/paginate?page=1&size=20 [运行时间：0.150845s][吞吐率：6.63req/s] [内存消耗：4,464.20kb] [文件加载：62]

---------------------------------------------------------------
[ 2019-04-30T04:22:42+08:00 ] ::1 ::1 GET /api/v1/order/paginate?page=2&size=20
[ log ] z.cn/api/v1/order/paginate?page=2&size=20 [运行时间：0.111610s][吞吐率：8.96req/s] [内存消耗：4,454.72kb] [文件加载：62]

---------------------------------------------------------------
[ 2019-04-30T04:22:42+08:00 ] ::1 ::1 GET /api/v1/order/paginate?page=3&size=20
[ log ] z.cn/api/v1/order/paginate?page=3&size=20 [运行时间：0.133223s][吞吐率：7.51req/s] [内存消耗：4,454.72kb] [文件加载：62]

---------------------------------------------------------------
[ 2019-04-30T04:22:51+08:00 ] ::1 ::1 GET /api/v1/order/paginate?page=1&size=20
[ log ] z.cn/api/v1/order/paginate?page=1&size=20 [运行时间：0.119385s][吞吐率：8.38req/s] [内存消耗：4,464.20kb] [文件加载：62]

---------------------------------------------------------------
[ 2019-04-30T04:24:00+08:00 ] ::1 ::1 GET /api/v1/order/paginate?page=1&size=20
[ log ] z.cn/api/v1/order/paginate?page=1&size=20 [运行时间：0.091635s][吞吐率：10.91req/s] [内存消耗：4,464.20kb] [文件加载：62]

---------------------------------------------------------------
[ 2019-04-30T04:25:16+08:00 ] ::1 ::1 GET /api/v1/order/paginate?page=2&size=20
[ log ] z.cn/api/v1/order/paginate?page=2&size=20 [运行时间：0.081608s][吞吐率：12.25req/s] [内存消耗：4,454.72kb] [文件加载：62]

---------------------------------------------------------------
