[ 2019-03-15T13:14:35+08:00 ] 127.0.0.1 127.0.0.1 GET /api/v1/banner/1
[ log ] z.cn/api/v1/banner/1 [运行时间：0.099500s][吞吐率：10.05req/s] [内存消耗：3,749.11kb] [文件加载：59]

---------------------------------------------------------------
[ 2019-03-15T13:15:13+08:00 ] ::1 ::1 GET /api/v1/theme?ids=1,2,3
[ log ] z.cn/api/v1/theme?ids=1,2,3 [运行时间：0.086612s][吞吐率：11.55req/s] [内存消耗：3,669.66kb] [文件加载：56]

---------------------------------------------------------------
[ 2019-03-15T13:15:13+08:00 ] ::1 ::1 GET /api/v1/banner/%201
[ log ] z.cn/api/v1/banner/%201 [运行时间：0.091919s][吞吐率：10.88req/s] [内存消耗：3,750.55kb] [文件加载：59]

---------------------------------------------------------------
[ 2019-03-15T13:15:13+08:00 ] ::1 ::1 GET /api/v1/product/recent
[ log ] z.cn/api/v1/product/recent [运行时间：0.088796s][吞吐率：11.26req/s] [内存消耗：3,535.48kb] [文件加载：52]

---------------------------------------------------------------
[ 2019-03-15T13:15:36+08:00 ] ::1 ::1 GET /api/v1/theme?ids=1,2,3
[ log ] z.cn/api/v1/theme?ids=1,2,3 [运行时间：0.082019s][吞吐率：12.19req/s] [内存消耗：3,669.52kb] [文件加载：56]

---------------------------------------------------------------
[ 2019-03-15T13:15:36+08:00 ] ::1 ::1 GET /api/v1/banner/%201
[ log ] z.cn/api/v1/banner/%201 [运行时间：0.090656s][吞吐率：11.03req/s] [内存消耗：3,750.08kb] [文件加载：59]

---------------------------------------------------------------
[ 2019-03-15T13:15:36+08:00 ] ::1 ::1 GET /api/v1/product/recent
[ log ] z.cn/api/v1/product/recent [运行时间：0.088339s][吞吐率：11.32req/s] [内存消耗：3,535.48kb] [文件加载：52]

---------------------------------------------------------------
[ 2019-03-15T13:20:19+08:00 ] 127.0.0.1 127.0.0.1 GET /api/v1/category/all
[ log ] z.cn/api/v1/category/all [运行时间：0.055267s][吞吐率：18.09req/s] [内存消耗：3,395.27kb] [文件加载：54]

---------------------------------------------------------------
[ 2019-03-15T13:21:52+08:00 ] ::1 ::1 GET /api/v1/product/recent
[ log ] z.cn/api/v1/product/recent [运行时间：0.080997s][吞吐率：12.35req/s] [内存消耗：3,535.22kb] [文件加载：52]

---------------------------------------------------------------
[ 2019-03-15T13:21:52+08:00 ] ::1 ::1 GET /api/v1/theme?ids=1,2,3
[ log ] z.cn/api/v1/theme?ids=1,2,3 [运行时间：0.083277s][吞吐率：12.01req/s] [内存消耗：3,669.48kb] [文件加载：56]

---------------------------------------------------------------
[ 2019-03-15T13:21:52+08:00 ] ::1 ::1 GET /api/v1/banner/%201
[ log ] z.cn/api/v1/banner/%201 [运行时间：0.101788s][吞吐率：9.82req/s] [内存消耗：3,750.55kb] [文件加载：59]

---------------------------------------------------------------
[ 2019-03-15T13:28:27+08:00 ] 127.0.0.1 127.0.0.1 GET /api/v1/product/recent
[ log ] z.cn/api/v1/product/recent [运行时间：0.052462s][吞吐率：19.06req/s] [内存消耗：3,535.41kb] [文件加载：52]

---------------------------------------------------------------
[ 2019-03-15T13:28:42+08:00 ] 127.0.0.1 127.0.0.1 GET /api/v1/product/recent
[ log ] z.cn/api/v1/product/recent [运行时间：0.054611s][吞吐率：18.31req/s] [内存消耗：3,535.41kb] [文件加载：52]

---------------------------------------------------------------
[ 2019-03-15T13:32:09+08:00 ] ::1 ::1 GET /api/v1/theme?ids=1,2,3
[ log ] z.cn/api/v1/theme?ids=1,2,3 [运行时间：0.085200s][吞吐率：11.74req/s] [内存消耗：3,669.48kb] [文件加载：56]

---------------------------------------------------------------
[ 2019-03-15T13:32:09+08:00 ] ::1 ::1 GET /api/v1/product/recent
[ log ] z.cn/api/v1/product/recent [运行时间：0.081934s][吞吐率：12.20req/s] [内存消耗：3,535.22kb] [文件加载：52]

---------------------------------------------------------------
[ 2019-03-15T13:32:09+08:00 ] ::1 ::1 GET /api/v1/banner/%201
[ log ] z.cn/api/v1/banner/%201 [运行时间：0.093685s][吞吐率：10.67req/s] [内存消耗：3,750.08kb] [文件加载：59]

---------------------------------------------------------------
[ 2019-03-15T13:32:10+08:00 ] ::1 ::1 POST /api/v1/token/user
[ log ] z.cn/api/v1/token/user [运行时间：0.324079s][吞吐率：3.09req/s] [内存消耗：3,222.95kb] [文件加载：50]

---------------------------------------------------------------
[ 2019-03-15T13:32:23+08:00 ] ::1 ::1 GET /api/v1/order/by_user?page=1
[ log ] z.cn/api/v1/order/by_user?page=1 [运行时间：0.087071s][吞吐率：11.48req/s] [内存消耗：3,766.49kb] [文件加载：60]

---------------------------------------------------------------
[ 2019-03-15T13:53:07+08:00 ] ::1 ::1 POST /api/v1/token/verify
[ log ] z.cn/api/v1/token/verify [运行时间：0.025269s][吞吐率：39.57req/s] [内存消耗：1,578.54kb] [文件加载：36]

---------------------------------------------------------------
[ 2019-03-15T13:53:07+08:00 ] ::1 ::1 GET /api/v1/product/recent
[ log ] z.cn/api/v1/product/recent [运行时间：0.080780s][吞吐率：12.38req/s] [内存消耗：3,536.49kb] [文件加载：53]

---------------------------------------------------------------
[ 2019-03-15T13:53:07+08:00 ] ::1 ::1 GET /api/v1/banner/%201
[ log ] z.cn/api/v1/banner/%201 [运行时间：0.093713s][吞吐率：10.67req/s] [内存消耗：3,751.01kb] [文件加载：60]

---------------------------------------------------------------
[ 2019-03-15T13:53:07+08:00 ] ::1 ::1 GET /api/v1/theme?ids=1,2,3
[ log ] z.cn/api/v1/theme?ids=1,2,3 [运行时间：0.092400s][吞吐率：10.82req/s] [内存消耗：3,670.39kb] [文件加载：57]

---------------------------------------------------------------
[ 2019-03-15T13:53:39+08:00 ] ::1 ::1 POST /api/v1/token/verify
[ log ] z.cn/api/v1/token/verify [运行时间：0.030454s][吞吐率：32.84req/s] [内存消耗：1,578.53kb] [文件加载：36]

---------------------------------------------------------------
[ 2019-03-15T13:53:39+08:00 ] ::1 ::1 GET /api/v1/product/recent
[ log ] z.cn/api/v1/product/recent [运行时间：0.072620s][吞吐率：13.77req/s] [内存消耗：3,536.46kb] [文件加载：53]

---------------------------------------------------------------
[ 2019-03-15T13:53:39+08:00 ] ::1 ::1 GET /api/v1/theme?ids=1,2,3
[ log ] z.cn/api/v1/theme?ids=1,2,3 [运行时间：0.077020s][吞吐率：12.98req/s] [内存消耗：3,670.44kb] [文件加载：57]

---------------------------------------------------------------
[ 2019-03-15T13:53:39+08:00 ] ::1 ::1 GET /api/v1/banner/%201
[ log ] z.cn/api/v1/banner/%201 [运行时间：0.089741s][吞吐率：11.14req/s] [内存消耗：3,751.02kb] [文件加载：60]

---------------------------------------------------------------
[ 2019-03-15T13:53:44+08:00 ] ::1 ::1 GET /api/v1/product/1
[ log ] z.cn/api/v1/product/1 [运行时间：0.099190s][吞吐率：10.08req/s] [内存消耗：3,805.95kb] [文件加载：60]

---------------------------------------------------------------
[ 2019-03-15T14:04:27+08:00 ] ::1 ::1 GET /api/v1/theme/1
[ log ] z.cn/api/v1/theme/1 [运行时间：0.097644s][吞吐率：10.24req/s] [内存消耗：3,832.58kb] [文件加载：60]

---------------------------------------------------------------
[ 2019-03-15T14:04:34+08:00 ] ::1 ::1 GET /api/v1/product/1
[ log ] z.cn/api/v1/product/1 [运行时间：0.092804s][吞吐率：10.78req/s] [内存消耗：3,805.95kb] [文件加载：60]

---------------------------------------------------------------
[ 2019-03-15T14:05:50+08:00 ] ::1 ::1 GET /api/v1/product/6
[ log ] z.cn/api/v1/product/6 [运行时间：0.084640s][吞吐率：11.81req/s] [内存消耗：3,806.02kb] [文件加载：60]

---------------------------------------------------------------
[ 2019-03-15T14:05:56+08:00 ] ::1 ::1 GET /api/v1/product/13
[ log ] z.cn/api/v1/product/13 [运行时间：0.085807s][吞吐率：11.65req/s] [内存消耗：3,805.91kb] [文件加载：60]

---------------------------------------------------------------
[ 2019-03-15T14:06:10+08:00 ] ::1 ::1 GET /api/v1/order/by_user?page=1
[ log ] z.cn/api/v1/order/by_user?page=1 [运行时间：0.074123s][吞吐率：13.49req/s] [内存消耗：3,767.16kb] [文件加载：61]

---------------------------------------------------------------
[ 2019-03-15T14:06:18+08:00 ] ::1 ::1 GET /api/v1/category/all
[ log ] z.cn/api/v1/category/all [运行时间：0.076407s][吞吐率：13.09req/s] [内存消耗：3,397.05kb] [文件加载：55]

---------------------------------------------------------------
[ 2019-03-15T14:06:18+08:00 ] ::1 ::1 GET /api/v1/product/by_category?id=2
[ log ] z.cn/api/v1/product/by_category?id=2 [运行时间：0.074236s][吞吐率：13.47req/s] [内存消耗：3,533.38kb] [文件加载：53]

---------------------------------------------------------------
[ 2019-03-15T14:26:23+08:00 ] 127.0.0.1 127.0.0.1 GET /api/v1/product/recent
[ log ] z.cn/api/v1/product/recent [运行时间：0.083213s][吞吐率：12.02req/s] [内存消耗：3,536.24kb] [文件加载：53]

---------------------------------------------------------------
[ 2019-03-15T14:44:37+08:00 ] ::1 ::1 POST /api/v1/token/user
[ log ] z.cn/api/v1/token/user [运行时间：0.325434s][吞吐率：3.07req/s] [内存消耗：3,221.78kb] [文件加载：51]

---------------------------------------------------------------
[ 2019-03-15T14:44:48+08:00 ] ::1 ::1 POST /api/v1/token/user
[ log ] z.cn/api/v1/token/user [运行时间：0.284362s][吞吐率：3.52req/s] [内存消耗：3,221.78kb] [文件加载：51]

---------------------------------------------------------------
[ 2019-03-15T14:46:08+08:00 ] ::1 ::1 POST /api/v1/token/user
[ log ] z.cn/api/v1/token/user [运行时间：0.273322s][吞吐率：3.66req/s] [内存消耗：3,221.78kb] [文件加载：51]

---------------------------------------------------------------
[ 2019-03-15T14:47:34+08:00 ] ::1 ::1 POST /api/v1/token/user
[ log ] z.cn/api/v1/token/user [运行时间：0.286457s][吞吐率：3.49req/s] [内存消耗：3,221.78kb] [文件加载：51]

---------------------------------------------------------------
[ 2019-03-15T15:31:17+08:00 ] ::1 ::1 POST /api/v1/token/user
[ log ] z.cn/api/v1/token/user [运行时间：0.355071s][吞吐率：2.82req/s] [内存消耗：3,221.78kb] [文件加载：51]

---------------------------------------------------------------
[ 2019-03-15T15:33:18+08:00 ] 127.0.0.1 127.0.0.1 POST /api/v1/address
[ log ] z.cn/api/v1/address [运行时间：0.090614s][吞吐率：11.04req/s] [内存消耗：3,759.95kb] [文件加载：64]

---------------------------------------------------------------
[ 2019-03-15T15:33:30+08:00 ] ::1 ::1 POST /api/v1/token/verify
[ log ] z.cn/api/v1/token/verify [运行时间：0.041630s][吞吐率：24.02req/s] [内存消耗：1,578.54kb] [文件加载：36]

---------------------------------------------------------------
[ 2019-03-15T15:33:30+08:00 ] ::1 ::1 GET /api/v1/product/recent
[ log ] z.cn/api/v1/product/recent [运行时间：0.114799s][吞吐率：8.71req/s] [内存消耗：3,536.46kb] [文件加载：53]

---------------------------------------------------------------
[ 2019-03-15T15:33:30+08:00 ] ::1 ::1 GET /api/v1/banner/%201
[ log ] z.cn/api/v1/banner/%201 [运行时间：0.136078s][吞吐率：7.35req/s] [内存消耗：3,751.02kb] [文件加载：60]

---------------------------------------------------------------
[ 2019-03-15T15:33:30+08:00 ] ::1 ::1 GET /api/v1/theme?ids=1,2,3
[ log ] z.cn/api/v1/theme?ids=1,2,3 [运行时间：0.130615s][吞吐率：7.66req/s] [内存消耗：3,670.39kb] [文件加载：57]

---------------------------------------------------------------
[ 2019-03-15T15:33:34+08:00 ] ::1 ::1 GET /api/v1/address
[ log ] z.cn/api/v1/address [运行时间：0.074326s][吞吐率：13.45req/s] [内存消耗：3,309.63kb] [文件加载：54]

---------------------------------------------------------------
[ 2019-03-15T15:33:37+08:00 ] ::1 ::1 POST /api/v1/order
[ log ] z.cn/api/v1/order [运行时间：0.102151s][吞吐率：9.79req/s] [内存消耗：3,888.37kb] [文件加载：63]

---------------------------------------------------------------
[ 2019-03-15T15:33:39+08:00 ] ::1 ::1 GET /api/v1/address
[ log ] z.cn/api/v1/address [运行时间：0.092721s][吞吐率：10.79req/s] [内存消耗：3,309.63kb] [文件加载：54]

---------------------------------------------------------------
[ 2019-03-15T15:33:39+08:00 ] ::1 ::1 GET /api/v1/order/by_user?page=1
[ log ] z.cn/api/v1/order/by_user?page=1 [运行时间：0.095592s][吞吐率：10.46req/s] [内存消耗：3,770.32kb] [文件加载：61]

---------------------------------------------------------------
[ 2019-03-15T15:40:02+08:00 ] ::1 ::1 GET /api/v1/product/3
[ log ] z.cn/api/v1/product/3 [运行时间：0.135082s][吞吐率：7.40req/s] [内存消耗：3,805.95kb] [文件加载：60]

---------------------------------------------------------------
[ 2019-03-15T15:40:07+08:00 ] ::1 ::1 GET /api/v1/address
[ log ] z.cn/api/v1/address [运行时间：0.062754s][吞吐率：15.94req/s] [内存消耗：3,309.63kb] [文件加载：54]

---------------------------------------------------------------
[ 2019-03-15T15:40:09+08:00 ] ::1 ::1 POST /api/v1/order
[ log ] z.cn/api/v1/order [运行时间：0.069352s][吞吐率：14.42req/s] [内存消耗：3,887.11kb] [文件加载：63]

---------------------------------------------------------------
[ 2019-03-15T15:40:22+08:00 ] ::1 ::1 GET /api/v1/product/11
[ log ] z.cn/api/v1/product/11 [运行时间：0.139919s][吞吐率：7.15req/s] [内存消耗：3,811.83kb] [文件加载：60]

---------------------------------------------------------------
[ 2019-03-15T15:40:26+08:00 ] ::1 ::1 GET /api/v1/address
[ log ] z.cn/api/v1/address [运行时间：0.075834s][吞吐率：13.19req/s] [内存消耗：3,309.63kb] [文件加载：54]

---------------------------------------------------------------
[ 2019-03-15T15:40:28+08:00 ] ::1 ::1 POST /api/v1/order
[ log ] z.cn/api/v1/order [运行时间：0.067131s][吞吐率：14.90req/s] [内存消耗：3,887.17kb] [文件加载：63]

---------------------------------------------------------------
[ 2019-03-15T15:45:32+08:00 ] ::1 ::1 POST /api/v1/token/user
[ log ] z.cn/api/v1/token/user [运行时间：0.269979s][吞吐率：3.70req/s] [内存消耗：3,222.22kb] [文件加载：51]

---------------------------------------------------------------
[ 2019-03-15T15:45:32+08:00 ] ::1 ::1 POST /api/v1/token/user
[ log ] z.cn/api/v1/token/user [运行时间：0.252619s][吞吐率：3.96req/s] [内存消耗：3,222.22kb] [文件加载：51]

---------------------------------------------------------------
[ 2019-03-15T15:45:32+08:00 ] ::1 ::1 POST /api/v1/token/user
[ log ] z.cn/api/v1/token/user [运行时间：0.290538s][吞吐率：3.44req/s] [内存消耗：3,222.19kb] [文件加载：51]

---------------------------------------------------------------
[ 2019-03-15T15:45:32+08:00 ] ::1 ::1 GET /api/v1/address
[ log ] z.cn/api/v1/address [运行时间：0.063095s][吞吐率：15.85req/s] [内存消耗：3,309.59kb] [文件加载：54]

---------------------------------------------------------------
[ 2019-03-15T15:45:32+08:00 ] ::1 ::1 GET /api/v1/order/by_user?page=1
[ log ] z.cn/api/v1/order/by_user?page=1 [运行时间：0.069540s][吞吐率：14.38req/s] [内存消耗：3,773.53kb] [文件加载：61]

---------------------------------------------------------------
[ 2019-03-15T15:48:27+08:00 ] ::1 ::1 GET /api/v1/theme?ids=1,2,3
[ log ] z.cn/api/v1/theme?ids=1,2,3 [运行时间：0.105911s][吞吐率：9.44req/s] [内存消耗：3,670.39kb] [文件加载：57]

---------------------------------------------------------------
[ 2019-03-15T15:48:27+08:00 ] ::1 ::1 GET /api/v1/product/recent
[ log ] z.cn/api/v1/product/recent [运行时间：0.109103s][吞吐率：9.17req/s] [内存消耗：3,536.46kb] [文件加载：53]

---------------------------------------------------------------
[ 2019-03-15T15:48:27+08:00 ] ::1 ::1 GET /api/v1/banner/%201
[ log ] z.cn/api/v1/banner/%201 [运行时间：0.122423s][吞吐率：8.17req/s] [内存消耗：3,751.02kb] [文件加载：60]

---------------------------------------------------------------
[ 2019-03-15T15:48:29+08:00 ] ::1 ::1 GET /api/v1/product/8
[ log ] z.cn/api/v1/product/8 [运行时间：0.095582s][吞吐率：10.46req/s] [内存消耗：3,806.02kb] [文件加载：60]

---------------------------------------------------------------
[ 2019-03-15T15:49:20+08:00 ] ::1 ::1 GET /api/v1/product/5
[ log ] z.cn/api/v1/product/5 [运行时间：0.109987s][吞吐率：9.09req/s] [内存消耗：3,805.88kb] [文件加载：60]

---------------------------------------------------------------
[ 2019-03-15T15:49:25+08:00 ] ::1 ::1 GET /api/v1/product/4
[ log ] z.cn/api/v1/product/4 [运行时间：0.098590s][吞吐率：10.14req/s] [内存消耗：3,806.01kb] [文件加载：60]

---------------------------------------------------------------
[ 2019-03-15T15:49:30+08:00 ] ::1 ::1 GET /api/v1/product/11
[ log ] z.cn/api/v1/product/11 [运行时间：0.142787s][吞吐率：7.00req/s] [内存消耗：3,811.83kb] [文件加载：60]

---------------------------------------------------------------
[ 2019-03-15T15:56:20+08:00 ] ::1 ::1 POST /api/v1/token/verify
[ log ] z.cn/api/v1/token/verify [运行时间：0.045980s][吞吐率：21.75req/s] [内存消耗：1,578.52kb] [文件加载：36]

---------------------------------------------------------------
[ 2019-03-15T15:56:21+08:00 ] ::1 ::1 GET /api/v1/order/by_user?page=1
[ log ] z.cn/api/v1/order/by_user?page=1 [运行时间：0.076140s][吞吐率：13.13req/s] [内存消耗：3,773.52kb] [文件加载：61]

---------------------------------------------------------------
[ 2019-03-15T15:56:21+08:00 ] ::1 ::1 GET /api/v1/address
[ log ] z.cn/api/v1/address [运行时间：0.075471s][吞吐率：13.25req/s] [内存消耗：3,309.41kb] [文件加载：54]

---------------------------------------------------------------
[ 2019-03-15T15:56:25+08:00 ] ::1 ::1 GET /api/v1/theme?ids=1,2,3
[ log ] z.cn/api/v1/theme?ids=1,2,3 [运行时间：0.104864s][吞吐率：9.54req/s] [内存消耗：3,670.44kb] [文件加载：57]

---------------------------------------------------------------
[ 2019-03-15T15:56:25+08:00 ] ::1 ::1 GET /api/v1/banner/%201
[ log ] z.cn/api/v1/banner/%201 [运行时间：0.116563s][吞吐率：8.58req/s] [内存消耗：3,751.02kb] [文件加载：60]

---------------------------------------------------------------
[ 2019-03-15T15:56:25+08:00 ] ::1 ::1 GET /api/v1/product/recent
[ log ] z.cn/api/v1/product/recent [运行时间：0.110566s][吞吐率：9.04req/s] [内存消耗：3,536.27kb] [文件加载：53]

---------------------------------------------------------------
[ 2019-03-15T15:56:27+08:00 ] ::1 ::1 GET /api/v1/product/1
[ log ] z.cn/api/v1/product/1 [运行时间：0.095205s][吞吐率：10.50req/s] [内存消耗：3,805.95kb] [文件加载：60]

---------------------------------------------------------------
[ 2019-03-15T15:56:43+08:00 ] ::1 ::1 GET /api/v1/product/5
[ log ] z.cn/api/v1/product/5 [运行时间：0.092002s][吞吐率：10.87req/s] [内存消耗：3,806.03kb] [文件加载：60]

---------------------------------------------------------------
[ 2019-03-15T15:56:52+08:00 ] ::1 ::1 GET /api/v1/product/2
[ log ] z.cn/api/v1/product/2 [运行时间：0.099206s][吞吐率：10.08req/s] [内存消耗：3,808.11kb] [文件加载：60]

---------------------------------------------------------------
[ 2019-03-15T15:56:58+08:00 ] ::1 ::1 GET /api/v1/product/11
[ log ] z.cn/api/v1/product/11 [运行时间：0.121551s][吞吐率：8.23req/s] [内存消耗：3,811.83kb] [文件加载：60]

---------------------------------------------------------------
[ 2019-03-15T15:57:09+08:00 ] ::1 ::1 POST /api/v1/token/verify
[ log ] z.cn/api/v1/token/verify [运行时间：0.032880s][吞吐率：30.41req/s] [内存消耗：1,578.56kb] [文件加载：36]

---------------------------------------------------------------
[ 2019-03-15T15:57:09+08:00 ] ::1 ::1 GET /api/v1/order/by_user?page=1
[ log ] z.cn/api/v1/order/by_user?page=1 [运行时间：0.091048s][吞吐率：10.98req/s] [内存消耗：3,773.52kb] [文件加载：61]

---------------------------------------------------------------
[ 2019-03-15T15:57:09+08:00 ] ::1 ::1 GET /api/v1/address
[ log ] z.cn/api/v1/address [运行时间：0.082726s][吞吐率：12.09req/s] [内存消耗：3,309.55kb] [文件加载：54]

---------------------------------------------------------------
[ 2019-03-15T15:57:16+08:00 ] ::1 ::1 POST /api/v1/token/verify
[ log ] z.cn/api/v1/token/verify [运行时间：0.037025s][吞吐率：27.01req/s] [内存消耗：1,578.56kb] [文件加载：36]

---------------------------------------------------------------
[ 2019-03-15T15:57:16+08:00 ] ::1 ::1 GET /api/v1/product/11
[ log ] z.cn/api/v1/product/11 [运行时间：0.145789s][吞吐率：6.86req/s] [内存消耗：3,811.83kb] [文件加载：60]

---------------------------------------------------------------
[ 2019-03-15T16:05:07+08:00 ] ::1 ::1 POST /api/v1/token/verify
[ log ] z.cn/api/v1/token/verify [运行时间：0.038559s][吞吐率：25.93req/s] [内存消耗：1,578.56kb] [文件加载：36]

---------------------------------------------------------------
[ 2019-03-15T16:05:07+08:00 ] ::1 ::1 GET /api/v1/product/recent
[ log ] z.cn/api/v1/product/recent [运行时间：0.095237s][吞吐率：10.50req/s] [内存消耗：3,536.46kb] [文件加载：53]

---------------------------------------------------------------
[ 2019-03-15T16:05:07+08:00 ] ::1 ::1 GET /api/v1/theme?ids=1,2,3
[ log ] z.cn/api/v1/theme?ids=1,2,3 [运行时间：0.104855s][吞吐率：9.54req/s] [内存消耗：3,670.39kb] [文件加载：57]

---------------------------------------------------------------
[ 2019-03-15T16:05:07+08:00 ] ::1 ::1 GET /api/v1/banner/%201
[ log ] z.cn/api/v1/banner/%201 [运行时间：0.125085s][吞吐率：7.99req/s] [内存消耗：3,751.02kb] [文件加载：60]

---------------------------------------------------------------
[ 2019-03-15T16:06:44+08:00 ] ::1 ::1 GET /api/v1/address
[ log ] z.cn/api/v1/address [运行时间：0.082394s][吞吐率：12.14req/s] [内存消耗：3,309.55kb] [文件加载：54]

---------------------------------------------------------------
[ 2019-03-15T16:06:44+08:00 ] ::1 ::1 GET /api/v1/order/by_user?page=1
[ log ] z.cn/api/v1/order/by_user?page=1 [运行时间：0.095515s][吞吐率：10.47req/s] [内存消耗：3,773.52kb] [文件加载：61]

---------------------------------------------------------------
[ 2019-03-15T16:57:04+08:00 ] ::1 ::1 POST /api/v1/token/verify
[ log ] z.cn/api/v1/token/verify [运行时间：0.092994s][吞吐率：10.75req/s] [内存消耗：1,578.56kb] [文件加载：36]

---------------------------------------------------------------
[ 2019-03-15T16:57:04+08:00 ] ::1 ::1 GET /api/v1/product/recent
[ log ] z.cn/api/v1/product/recent [运行时间：0.137430s][吞吐率：7.28req/s] [内存消耗：3,536.46kb] [文件加载：53]

---------------------------------------------------------------
[ 2019-03-15T16:57:04+08:00 ] ::1 ::1 GET /api/v1/theme?ids=1,2,3
[ log ] z.cn/api/v1/theme?ids=1,2,3 [运行时间：0.153457s][吞吐率：6.52req/s] [内存消耗：3,670.39kb] [文件加载：57]

---------------------------------------------------------------
[ 2019-03-15T16:57:04+08:00 ] ::1 ::1 GET /api/v1/banner/%201
[ log ] z.cn/api/v1/banner/%201 [运行时间：0.161988s][吞吐率：6.17req/s] [内存消耗：3,751.02kb] [文件加载：60]

---------------------------------------------------------------
[ 2019-03-15T16:57:07+08:00 ] ::1 ::1 GET /api/v1/address
[ log ] z.cn/api/v1/address [运行时间：0.080413s][吞吐率：12.44req/s] [内存消耗：3,309.55kb] [文件加载：54]

---------------------------------------------------------------
[ 2019-03-15T16:57:07+08:00 ] ::1 ::1 GET /api/v1/order/by_user?page=1
[ log ] z.cn/api/v1/order/by_user?page=1 [运行时间：0.115723s][吞吐率：8.64req/s] [内存消耗：3,773.52kb] [文件加载：61]

---------------------------------------------------------------
[ 2019-03-15T16:57:11+08:00 ] ::1 ::1 GET /api/v1/order/by_user?page=2
[ log ] z.cn/api/v1/order/by_user?page=2 [运行时间：0.059041s][吞吐率：16.94req/s] [内存消耗：3,767.05kb] [文件加载：61]

---------------------------------------------------------------
[ 2019-03-15T16:57:17+08:00 ] ::1 ::1 GET /api/v1/product/5
[ log ] z.cn/api/v1/product/5 [运行时间：0.104141s][吞吐率：9.60req/s] [内存消耗：3,806.03kb] [文件加载：60]

---------------------------------------------------------------
[ 2019-03-15T16:57:21+08:00 ] ::1 ::1 GET /api/v1/address
[ log ] z.cn/api/v1/address [运行时间：0.083058s][吞吐率：12.04req/s] [内存消耗：3,309.55kb] [文件加载：54]

---------------------------------------------------------------
[ 2019-03-15T16:57:22+08:00 ] ::1 ::1 POST /api/v1/order
[ log ] z.cn/api/v1/order [运行时间：0.070096s][吞吐率：14.27req/s] [内存消耗：3,887.22kb] [文件加载：63]

---------------------------------------------------------------
[ 2019-03-15T16:57:26+08:00 ] ::1 ::1 GET /api/v1/product/6
[ log ] z.cn/api/v1/product/6 [运行时间：0.100665s][吞吐率：9.93req/s] [内存消耗：3,806.02kb] [文件加载：60]

---------------------------------------------------------------
[ 2019-03-15T16:57:30+08:00 ] ::1 ::1 GET /api/v1/address
[ log ] z.cn/api/v1/address [运行时间：0.081209s][吞吐率：12.31req/s] [内存消耗：3,309.59kb] [文件加载：54]

---------------------------------------------------------------
[ 2019-03-15T16:57:31+08:00 ] ::1 ::1 POST /api/v1/order
[ log ] z.cn/api/v1/order [运行时间：0.063415s][吞吐率：15.77req/s] [内存消耗：3,887.15kb] [文件加载：63]

---------------------------------------------------------------
[ 2019-03-15T16:57:36+08:00 ] ::1 ::1 GET /api/v1/product/9
[ log ] z.cn/api/v1/product/9 [运行时间：0.082426s][吞吐率：12.13req/s] [内存消耗：3,806.03kb] [文件加载：60]

---------------------------------------------------------------
[ 2019-03-15T16:57:39+08:00 ] ::1 ::1 GET /api/v1/address
[ log ] z.cn/api/v1/address [运行时间：0.074013s][吞吐率：13.51req/s] [内存消耗：3,309.59kb] [文件加载：54]

---------------------------------------------------------------
[ 2019-03-15T16:57:40+08:00 ] ::1 ::1 POST /api/v1/order
[ log ] z.cn/api/v1/order [运行时间：0.069979s][吞吐率：14.29req/s] [内存消耗：3,887.22kb] [文件加载：63]

---------------------------------------------------------------
[ 2019-03-15T16:57:45+08:00 ] ::1 ::1 GET /api/v1/product/13
[ log ] z.cn/api/v1/product/13 [运行时间：0.102494s][吞吐率：9.76req/s] [内存消耗：3,805.91kb] [文件加载：60]

---------------------------------------------------------------
[ 2019-03-15T16:57:48+08:00 ] ::1 ::1 GET /api/v1/address
[ log ] z.cn/api/v1/address [运行时间：0.092168s][吞吐率：10.85req/s] [内存消耗：3,309.59kb] [文件加载：54]

---------------------------------------------------------------
[ 2019-03-15T16:57:49+08:00 ] ::1 ::1 POST /api/v1/order
[ log ] z.cn/api/v1/order [运行时间：0.072084s][吞吐率：13.87req/s] [内存消耗：3,887.15kb] [文件加载：63]

---------------------------------------------------------------
[ 2019-03-15T16:57:54+08:00 ] ::1 ::1 GET /api/v1/product/15
[ log ] z.cn/api/v1/product/15 [运行时间：0.150960s][吞吐率：6.62req/s] [内存消耗：3,805.91kb] [文件加载：60]

---------------------------------------------------------------
[ 2019-03-15T16:57:57+08:00 ] ::1 ::1 GET /api/v1/address
[ log ] z.cn/api/v1/address [运行时间：0.088334s][吞吐率：11.32req/s] [内存消耗：3,309.59kb] [文件加载：54]

---------------------------------------------------------------
[ 2019-03-15T16:57:58+08:00 ] ::1 ::1 POST /api/v1/order
[ log ] z.cn/api/v1/order [运行时间：0.075719s][吞吐率：13.21req/s] [内存消耗：3,887.17kb] [文件加载：63]

---------------------------------------------------------------
[ 2019-03-15T16:58:02+08:00 ] ::1 ::1 GET /api/v1/product/9
[ log ] z.cn/api/v1/product/9 [运行时间：0.128170s][吞吐率：7.80req/s] [内存消耗：3,806.03kb] [文件加载：60]

---------------------------------------------------------------
[ 2019-03-15T16:58:05+08:00 ] ::1 ::1 GET /api/v1/address
[ log ] z.cn/api/v1/address [运行时间：0.070525s][吞吐率：14.18req/s] [内存消耗：3,309.59kb] [文件加载：54]

---------------------------------------------------------------
[ 2019-03-15T16:58:06+08:00 ] ::1 ::1 POST /api/v1/order
[ log ] z.cn/api/v1/order [运行时间：0.064323s][吞吐率：15.55req/s] [内存消耗：3,887.22kb] [文件加载：63]

---------------------------------------------------------------
[ 2019-03-15T16:58:10+08:00 ] ::1 ::1 GET /api/v1/product/5
[ log ] z.cn/api/v1/product/5 [运行时间：0.101409s][吞吐率：9.86req/s] [内存消耗：3,806.03kb] [文件加载：60]

---------------------------------------------------------------
[ 2019-03-15T16:58:14+08:00 ] ::1 ::1 GET /api/v1/product/7
[ log ] z.cn/api/v1/product/7 [运行时间：0.111948s][吞吐率：8.93req/s] [内存消耗：3,805.95kb] [文件加载：60]

---------------------------------------------------------------
[ 2019-03-15T16:58:17+08:00 ] ::1 ::1 GET /api/v1/address
[ log ] z.cn/api/v1/address [运行时间：0.072115s][吞吐率：13.87req/s] [内存消耗：3,309.59kb] [文件加载：54]

---------------------------------------------------------------
[ 2019-03-15T16:58:18+08:00 ] ::1 ::1 POST /api/v1/order
[ log ] z.cn/api/v1/order [运行时间：0.072691s][吞吐率：13.76req/s] [内存消耗：3,887.31kb] [文件加载：63]

---------------------------------------------------------------
[ 2019-03-15T16:58:23+08:00 ] ::1 ::1 GET /api/v1/product/1
[ log ] z.cn/api/v1/product/1 [运行时间：0.126203s][吞吐率：7.92req/s] [内存消耗：3,805.95kb] [文件加载：60]

---------------------------------------------------------------
[ 2019-03-15T16:58:26+08:00 ] ::1 ::1 GET /api/v1/address
[ log ] z.cn/api/v1/address [运行时间：0.089492s][吞吐率：11.17req/s] [内存消耗：3,309.55kb] [文件加载：54]

---------------------------------------------------------------
[ 2019-03-15T16:58:27+08:00 ] ::1 ::1 POST /api/v1/order
[ log ] z.cn/api/v1/order [运行时间：0.067777s][吞吐率：14.75req/s] [内存消耗：3,887.15kb] [文件加载：63]

---------------------------------------------------------------
[ 2019-03-15T16:58:32+08:00 ] ::1 ::1 GET /api/v1/product/8
[ log ] z.cn/api/v1/product/8 [运行时间：0.116989s][吞吐率：8.55req/s] [内存消耗：3,806.02kb] [文件加载：60]

---------------------------------------------------------------
[ 2019-03-15T16:58:35+08:00 ] ::1 ::1 GET /api/v1/address
[ log ] z.cn/api/v1/address [运行时间：0.076104s][吞吐率：13.14req/s] [内存消耗：3,309.59kb] [文件加载：54]

---------------------------------------------------------------
[ 2019-03-15T16:58:37+08:00 ] ::1 ::1 POST /api/v1/order
[ log ] z.cn/api/v1/order [运行时间：0.072786s][吞吐率：13.74req/s] [内存消耗：3,887.22kb] [文件加载：63]

---------------------------------------------------------------
[ 2019-03-15T16:58:41+08:00 ] ::1 ::1 GET /api/v1/product/14
[ log ] z.cn/api/v1/product/14 [运行时间：0.116209s][吞吐率：8.61req/s] [内存消耗：3,805.91kb] [文件加载：60]

---------------------------------------------------------------
[ 2019-03-15T16:58:44+08:00 ] ::1 ::1 GET /api/v1/address
[ log ] z.cn/api/v1/address [运行时间：0.084027s][吞吐率：11.90req/s] [内存消耗：3,309.59kb] [文件加载：54]

---------------------------------------------------------------
[ 2019-03-15T16:58:46+08:00 ] ::1 ::1 POST /api/v1/order
[ log ] z.cn/api/v1/order [运行时间：0.073095s][吞吐率：13.68req/s] [内存消耗：3,887.15kb] [文件加载：63]

---------------------------------------------------------------
[ 2019-03-15T16:58:52+08:00 ] ::1 ::1 GET /api/v1/product/3
[ log ] z.cn/api/v1/product/3 [运行时间：0.142991s][吞吐率：6.99req/s] [内存消耗：3,805.95kb] [文件加载：60]

---------------------------------------------------------------
[ 2019-03-15T16:58:54+08:00 ] ::1 ::1 GET /api/v1/address
[ log ] z.cn/api/v1/address [运行时间：0.074806s][吞吐率：13.37req/s] [内存消耗：3,309.55kb] [文件加载：54]

---------------------------------------------------------------
[ 2019-03-15T16:58:55+08:00 ] ::1 ::1 POST /api/v1/order
[ log ] z.cn/api/v1/order [运行时间：0.075539s][吞吐率：13.24req/s] [内存消耗：3,887.15kb] [文件加载：63]

---------------------------------------------------------------
[ 2019-03-15T16:58:59+08:00 ] ::1 ::1 GET /api/v1/product/2
[ log ] z.cn/api/v1/product/2 [运行时间：0.100475s][吞吐率：9.95req/s] [内存消耗：3,808.11kb] [文件加载：60]

---------------------------------------------------------------
[ 2019-03-15T16:59:02+08:00 ] ::1 ::1 GET /api/v1/address
[ log ] z.cn/api/v1/address [运行时间：0.077667s][吞吐率：12.88req/s] [内存消耗：3,309.59kb] [文件加载：54]

---------------------------------------------------------------
[ 2019-03-15T16:59:03+08:00 ] ::1 ::1 POST /api/v1/order
[ log ] z.cn/api/v1/order [运行时间：0.071555s][吞吐率：13.98req/s] [内存消耗：3,887.22kb] [文件加载：63]

---------------------------------------------------------------
[ 2019-03-15T16:59:07+08:00 ] ::1 ::1 GET /api/v1/product/8
[ log ] z.cn/api/v1/product/8 [运行时间：0.096157s][吞吐率：10.40req/s] [内存消耗：3,806.02kb] [文件加载：60]

---------------------------------------------------------------
[ 2019-03-15T16:59:11+08:00 ] ::1 ::1 GET /api/v1/address
[ log ] z.cn/api/v1/address [运行时间：0.079926s][吞吐率：12.51req/s] [内存消耗：3,309.59kb] [文件加载：54]

---------------------------------------------------------------
[ 2019-03-15T16:59:12+08:00 ] ::1 ::1 POST /api/v1/order
[ log ] z.cn/api/v1/order [运行时间：0.063446s][吞吐率：15.76req/s] [内存消耗：3,887.22kb] [文件加载：63]

---------------------------------------------------------------
[ 2019-03-15T16:59:16+08:00 ] ::1 ::1 GET /api/v1/product/12
[ log ] z.cn/api/v1/product/12 [运行时间：0.093875s][吞吐率：10.65req/s] [内存消耗：3,805.96kb] [文件加载：60]

---------------------------------------------------------------
[ 2019-03-15T16:59:19+08:00 ] ::1 ::1 GET /api/v1/address
[ log ] z.cn/api/v1/address [运行时间：0.076729s][吞吐率：13.03req/s] [内存消耗：3,309.59kb] [文件加载：54]

---------------------------------------------------------------
[ 2019-03-15T16:59:20+08:00 ] ::1 ::1 POST /api/v1/order
[ log ] z.cn/api/v1/order [运行时间：0.064152s][吞吐率：15.59req/s] [内存消耗：3,887.22kb] [文件加载：63]

---------------------------------------------------------------
[ 2019-03-15T16:59:30+08:00 ] ::1 ::1 POST /api/v1/token/verify
[ log ] z.cn/api/v1/token/verify [运行时间：0.036141s][吞吐率：27.67req/s] [内存消耗：1,578.56kb] [文件加载：36]

---------------------------------------------------------------
[ 2019-03-15T16:59:31+08:00 ] ::1 ::1 GET /api/v1/theme?ids=1,2,3
[ log ] z.cn/api/v1/theme?ids=1,2,3 [运行时间：0.091492s][吞吐率：10.93req/s] [内存消耗：3,670.39kb] [文件加载：57]

---------------------------------------------------------------
[ 2019-03-15T16:59:31+08:00 ] ::1 ::1 GET /api/v1/product/recent
[ log ] z.cn/api/v1/product/recent [运行时间：0.085807s][吞吐率：11.65req/s] [内存消耗：3,536.46kb] [文件加载：53]

---------------------------------------------------------------
[ 2019-03-15T16:59:31+08:00 ] ::1 ::1 GET /api/v1/banner/%201
[ log ] z.cn/api/v1/banner/%201 [运行时间：0.098827s][吞吐率：10.12req/s] [内存消耗：3,751.02kb] [文件加载：60]

---------------------------------------------------------------
[ 2019-03-15T16:59:33+08:00 ] ::1 ::1 GET /api/v1/address
[ log ] z.cn/api/v1/address [运行时间：0.068342s][吞吐率：14.63req/s] [内存消耗：3,309.55kb] [文件加载：54]

---------------------------------------------------------------
[ 2019-03-15T16:59:33+08:00 ] ::1 ::1 GET /api/v1/order/by_user?page=1
[ log ] z.cn/api/v1/order/by_user?page=1 [运行时间：0.083493s][吞吐率：11.98req/s] [内存消耗：3,790.87kb] [文件加载：61]

---------------------------------------------------------------
[ 2019-03-15T16:59:43+08:00 ] ::1 ::1 GET /api/v1/order/by_user?page=2
[ log ] z.cn/api/v1/order/by_user?page=2 [运行时间：0.056418s][吞吐率：17.72req/s] [内存消耗：3,772.19kb] [文件加载：61]

---------------------------------------------------------------
[ 2019-03-15T16:59:45+08:00 ] ::1 ::1 GET /api/v1/order/by_user?page=3
[ log ] z.cn/api/v1/order/by_user?page=3 [运行时间：0.058524s][吞吐率：17.09req/s] [内存消耗：3,767.05kb] [文件加载：61]

---------------------------------------------------------------
[ 2019-03-15T17:00:23+08:00 ] ::1 ::1 POST /api/v1/token/verify
[ log ] z.cn/api/v1/token/verify [运行时间：0.062551s][吞吐率：15.99req/s] [内存消耗：1,578.56kb] [文件加载：36]

---------------------------------------------------------------
[ 2019-03-15T17:00:24+08:00 ] ::1 ::1 GET /api/v1/address
[ log ] z.cn/api/v1/address [运行时间：0.133610s][吞吐率：7.48req/s] [内存消耗：3,309.55kb] [文件加载：54]

---------------------------------------------------------------
[ 2019-03-15T17:00:24+08:00 ] ::1 ::1 GET /api/v1/order/by_user?page=1
[ log ] z.cn/api/v1/order/by_user?page=1 [运行时间：0.151892s][吞吐率：6.58req/s] [内存消耗：3,790.87kb] [文件加载：61]

---------------------------------------------------------------
[ 2019-03-15T17:00:25+08:00 ] ::1 ::1 GET /api/v1/order/by_user?page=2
[ log ] z.cn/api/v1/order/by_user?page=2 [运行时间：0.066697s][吞吐率：14.99req/s] [内存消耗：3,772.19kb] [文件加载：61]

---------------------------------------------------------------
[ 2019-03-15T17:21:08+08:00 ] ::1 ::1 POST /api/v1/token/verify
[ log ] z.cn/api/v1/token/verify [运行时间：0.128698s][吞吐率：7.77req/s] [内存消耗：1,578.56kb] [文件加载：36]

---------------------------------------------------------------
[ 2019-03-15T17:21:08+08:00 ] ::1 ::1 GET /api/v1/address
[ log ] z.cn/api/v1/address [运行时间：0.115922s][吞吐率：8.63req/s] [内存消耗：3,309.55kb] [文件加载：54]

---------------------------------------------------------------
[ 2019-03-15T17:21:08+08:00 ] ::1 ::1 GET /api/v1/order/by_user?page=1
[ log ] z.cn/api/v1/order/by_user?page=1 [运行时间：0.123482s][吞吐率：8.10req/s] [内存消耗：3,790.87kb] [文件加载：61]

---------------------------------------------------------------
[ 2019-03-15T17:21:11+08:00 ] ::1 ::1 GET /api/v1/address
[ log ] z.cn/api/v1/address [运行时间：0.066364s][吞吐率：15.07req/s] [内存消耗：3,309.59kb] [文件加载：54]

---------------------------------------------------------------
[ 2019-03-15T17:25:07+08:00 ] ::1 ::1 POST /api/v1/token/verify
[ log ] z.cn/api/v1/token/verify [运行时间：0.037927s][吞吐率：26.37req/s] [内存消耗：1,578.56kb] [文件加载：36]

---------------------------------------------------------------
[ 2019-03-15T17:25:10+08:00 ] ::1 ::1 POST /api/v1/token/verify
[ log ] z.cn/api/v1/token/verify [运行时间：0.041011s][吞吐率：24.38req/s] [内存消耗：1,578.56kb] [文件加载：36]

---------------------------------------------------------------
[ 2019-03-15T17:25:10+08:00 ] ::1 ::1 GET /api/v1/address
[ log ] z.cn/api/v1/address [运行时间：0.105614s][吞吐率：9.47req/s] [内存消耗：3,309.55kb] [文件加载：54]

---------------------------------------------------------------
[ 2019-03-15T17:25:10+08:00 ] ::1 ::1 GET /api/v1/order/by_user?page=1
[ log ] z.cn/api/v1/order/by_user?page=1 [运行时间：0.120302s][吞吐率：8.31req/s] [内存消耗：3,790.87kb] [文件加载：61]

---------------------------------------------------------------
[ 2019-03-15T17:38:23+08:00 ] ::1 ::1 POST /api/v1/token/verify
[ log ] z.cn/api/v1/token/verify [运行时间：0.038948s][吞吐率：25.68req/s] [内存消耗：1,578.56kb] [文件加载：36]

---------------------------------------------------------------
[ 2019-03-15T17:38:23+08:00 ] ::1 ::1 GET /api/v1/address
[ log ] z.cn/api/v1/address [运行时间：0.138470s][吞吐率：7.22req/s] [内存消耗：3,309.55kb] [文件加载：54]

---------------------------------------------------------------
[ 2019-03-15T17:38:23+08:00 ] ::1 ::1 GET /api/v1/order/by_user?page=1
[ log ] z.cn/api/v1/order/by_user?page=1 [运行时间：0.147656s][吞吐率：6.77req/s] [内存消耗：3,790.87kb] [文件加载：61]

---------------------------------------------------------------
[ 2019-03-15T17:40:05+08:00 ] ::1 ::1 POST /api/v1/token/verify
[ log ] z.cn/api/v1/token/verify [运行时间：0.034044s][吞吐率：29.37req/s] [内存消耗：1,578.56kb] [文件加载：36]

---------------------------------------------------------------
[ 2019-03-15T17:40:06+08:00 ] ::1 ::1 POST /api/v1/token/verify
[ log ] z.cn/api/v1/token/verify [运行时间：0.041220s][吞吐率：24.26req/s] [内存消耗：1,578.56kb] [文件加载：36]

---------------------------------------------------------------
[ 2019-03-15T17:40:07+08:00 ] ::1 ::1 GET /api/v1/address
[ log ] z.cn/api/v1/address [运行时间：0.108456s][吞吐率：9.22req/s] [内存消耗：3,309.55kb] [文件加载：54]

---------------------------------------------------------------
[ 2019-03-15T17:40:07+08:00 ] ::1 ::1 GET /api/v1/order/by_user?page=1
[ log ] z.cn/api/v1/order/by_user?page=1 [运行时间：0.121819s][吞吐率：8.21req/s] [内存消耗：3,790.87kb] [文件加载：61]

---------------------------------------------------------------
[ 2019-03-15T21:05:05+08:00 ] ::1 ::1 POST /api/v1/token/verify
[ log ] z.cn/api/v1/token/verify [运行时间：0.056627s][吞吐率：17.66req/s] [内存消耗：1,578.56kb] [文件加载：36]

---------------------------------------------------------------
[ 2019-03-15T21:05:05+08:00 ] ::1 ::1 GET /api/v1/address
[ log ] z.cn/api/v1/address [运行时间：0.136144s][吞吐率：7.35req/s] [内存消耗：3,309.55kb] [文件加载：54]

---------------------------------------------------------------
[ 2019-03-15T21:05:05+08:00 ] ::1 ::1 GET /api/v1/order/by_user?page=1
[ log ] z.cn/api/v1/order/by_user?page=1 [运行时间：0.149423s][吞吐率：6.69req/s] [内存消耗：3,790.87kb] [文件加载：61]

---------------------------------------------------------------
[ 2019-03-15T22:19:05+08:00 ] ::1 ::1 POST /api/v1/token/verify
[ log ] z.cn/api/v1/token/verify [运行时间：0.055653s][吞吐率：17.97req/s] [内存消耗：1,578.56kb] [文件加载：36]

---------------------------------------------------------------
[ 2019-03-15T22:19:06+08:00 ] ::1 ::1 GET /api/v1/order/by_user?page=1
[ log ] z.cn/api/v1/order/by_user?page=1 [运行时间：0.131946s][吞吐率：7.58req/s] [内存消耗：3,790.87kb] [文件加载：61]

---------------------------------------------------------------
[ 2019-03-15T22:19:06+08:00 ] ::1 ::1 GET /api/v1/address
[ log ] z.cn/api/v1/address [运行时间：0.130610s][吞吐率：7.66req/s] [内存消耗：3,309.55kb] [文件加载：54]

---------------------------------------------------------------
[ 2019-03-15T22:29:26+08:00 ] ::1 ::1 POST /api/v1/token/verify
[ log ] z.cn/api/v1/token/verify [运行时间：0.040851s][吞吐率：24.48req/s] [内存消耗：1,578.56kb] [文件加载：36]

---------------------------------------------------------------
[ 2019-03-15T22:29:27+08:00 ] ::1 ::1 GET /api/v1/address
[ log ] z.cn/api/v1/address [运行时间：0.090637s][吞吐率：11.03req/s] [内存消耗：3,309.55kb] [文件加载：54]

---------------------------------------------------------------
[ 2019-03-15T22:29:27+08:00 ] ::1 ::1 GET /api/v1/order/by_user?page=1
[ log ] z.cn/api/v1/order/by_user?page=1 [运行时间：0.108561s][吞吐率：9.21req/s] [内存消耗：3,790.87kb] [文件加载：61]

---------------------------------------------------------------
[ 2019-03-15T22:35:04+08:00 ] ::1 ::1 POST /api/v1/token/verify
[ log ] z.cn/api/v1/token/verify [运行时间：0.057327s][吞吐率：17.44req/s] [内存消耗：1,578.56kb] [文件加载：36]

---------------------------------------------------------------
[ 2019-03-15T22:35:04+08:00 ] ::1 ::1 GET /api/v1/address
[ log ] z.cn/api/v1/address [运行时间：0.108171s][吞吐率：9.24req/s] [内存消耗：3,309.55kb] [文件加载：54]

---------------------------------------------------------------
[ 2019-03-15T22:35:04+08:00 ] ::1 ::1 GET /api/v1/order/by_user?page=1
[ log ] z.cn/api/v1/order/by_user?page=1 [运行时间：0.143214s][吞吐率：6.98req/s] [内存消耗：3,790.87kb] [文件加载：61]

---------------------------------------------------------------
[ 2019-03-15T22:35:06+08:00 ] ::1 ::1 GET /api/v1/order/17
[ log ] z.cn/api/v1/order/17 [运行时间：0.091307s][吞吐率：10.95req/s] [内存消耗：3,599.82kb] [文件加载：57]

---------------------------------------------------------------
