[ 2019-03-16T03:06:21+08:00 ] ::1 ::1 GET /api/v1/order/17
[ log ] z.cn/api/v1/order/17 [运行时间：0.220681s][吞吐率：4.53req/s] [内存消耗：3,599.81kb] [文件加载：57]

---------------------------------------------------------------
[ 2019-03-16T03:06:33+08:00 ] ::1 ::1 POST /api/v1/token/verify
[ log ] z.cn/api/v1/token/verify [运行时间：0.037301s][吞吐率：26.81req/s] [内存消耗：1,578.56kb] [文件加载：36]

---------------------------------------------------------------
[ 2019-03-16T03:06:33+08:00 ] ::1 ::1 GET /api/v1/address
[ log ] z.cn/api/v1/address [运行时间：0.105285s][吞吐率：9.50req/s] [内存消耗：3,309.55kb] [文件加载：54]

---------------------------------------------------------------
[ 2019-03-16T03:06:33+08:00 ] ::1 ::1 GET /api/v1/order/by_user?page=1
[ log ] z.cn/api/v1/order/by_user?page=1 [运行时间：0.139285s][吞吐率：7.18req/s] [内存消耗：3,790.87kb] [文件加载：61]

---------------------------------------------------------------
[ 2019-03-16T03:07:58+08:00 ] ::1 ::1 POST /api/v1/token/verify
[ log ] z.cn/api/v1/token/verify [运行时间：0.062195s][吞吐率：16.08req/s] [内存消耗：1,578.56kb] [文件加载：36]

---------------------------------------------------------------
[ 2019-03-16T03:07:59+08:00 ] ::1 ::1 GET /api/v1/address
[ log ] z.cn/api/v1/address [运行时间：0.086178s][吞吐率：11.60req/s] [内存消耗：3,309.55kb] [文件加载：54]

---------------------------------------------------------------
[ 2019-03-16T03:07:59+08:00 ] ::1 ::1 GET /api/v1/order/by_user?page=1
[ log ] z.cn/api/v1/order/by_user?page=1 [运行时间：0.097799s][吞吐率：10.23req/s] [内存消耗：3,790.87kb] [文件加载：61]

---------------------------------------------------------------
[ 2019-03-16T03:08:32+08:00 ] ::1 ::1 POST /api/v1/token/verify
[ log ] z.cn/api/v1/token/verify [运行时间：0.042484s][吞吐率：23.54req/s] [内存消耗：1,578.56kb] [文件加载：36]

---------------------------------------------------------------
[ 2019-03-16T03:08:33+08:00 ] ::1 ::1 GET /api/v1/address
[ log ] z.cn/api/v1/address [运行时间：0.125622s][吞吐率：7.96req/s] [内存消耗：3,309.55kb] [文件加载：54]

---------------------------------------------------------------
[ 2019-03-16T03:08:33+08:00 ] ::1 ::1 GET /api/v1/order/by_user?page=1
[ log ] z.cn/api/v1/order/by_user?page=1 [运行时间：0.147005s][吞吐率：6.80req/s] [内存消耗：3,790.87kb] [文件加载：61]

---------------------------------------------------------------
[ 2019-03-16T03:15:43+08:00 ] ::1 ::1 POST /api/v1/token/verify
[ log ] z.cn/api/v1/token/verify [运行时间：0.070369s][吞吐率：14.21req/s] [内存消耗：1,578.56kb] [文件加载：36]

---------------------------------------------------------------
[ 2019-03-16T03:15:43+08:00 ] ::1 ::1 GET /api/v1/address
[ log ] z.cn/api/v1/address [运行时间：0.116287s][吞吐率：8.60req/s] [内存消耗：3,309.55kb] [文件加载：54]

---------------------------------------------------------------
[ 2019-03-16T03:15:43+08:00 ] ::1 ::1 GET /api/v1/order/by_user?page=1
[ log ] z.cn/api/v1/order/by_user?page=1 [运行时间：0.133866s][吞吐率：7.47req/s] [内存消耗：3,790.87kb] [文件加载：61]

---------------------------------------------------------------
[ 2019-03-16T03:21:13+08:00 ] ::1 ::1 GET /api/v1/product/recent
[ log ] z.cn/api/v1/product/recent [运行时间：0.121074s][吞吐率：8.26req/s] [内存消耗：3,536.46kb] [文件加载：53]

---------------------------------------------------------------
[ 2019-03-16T03:21:13+08:00 ] ::1 ::1 GET /api/v1/theme?ids=1,2,3
[ log ] z.cn/api/v1/theme?ids=1,2,3 [运行时间：0.129694s][吞吐率：7.71req/s] [内存消耗：3,670.39kb] [文件加载：57]

---------------------------------------------------------------
[ 2019-03-16T03:21:13+08:00 ] ::1 ::1 GET /api/v1/banner/%201
[ log ] z.cn/api/v1/banner/%201 [运行时间：0.141951s][吞吐率：7.04req/s] [内存消耗：3,751.02kb] [文件加载：60]

---------------------------------------------------------------
[ 2019-03-16T03:21:15+08:00 ] ::1 ::1 GET /api/v1/product/1
[ log ] z.cn/api/v1/product/1 [运行时间：0.133110s][吞吐率：7.51req/s] [内存消耗：3,805.95kb] [文件加载：60]

---------------------------------------------------------------
[ 2019-03-16T03:21:21+08:00 ] ::1 ::1 GET /api/v1/address
[ log ] z.cn/api/v1/address [运行时间：0.093692s][吞吐率：10.67req/s] [内存消耗：3,309.55kb] [文件加载：54]

---------------------------------------------------------------
[ 2019-03-16T03:21:22+08:00 ] ::1 ::1 POST /api/v1/order
[ log ] z.cn/api/v1/order [运行时间：0.075937s][吞吐率：13.17req/s] [内存消耗：3,887.15kb] [文件加载：63]

---------------------------------------------------------------
[ 2019-03-16T03:21:40+08:00 ] ::1 ::1 GET /api/v1/product/1
[ log ] z.cn/api/v1/product/1 [运行时间：0.133337s][吞吐率：7.50req/s] [内存消耗：3,805.95kb] [文件加载：60]

---------------------------------------------------------------
[ 2019-03-16T03:21:44+08:00 ] ::1 ::1 GET /api/v1/address
[ log ] z.cn/api/v1/address [运行时间：0.095672s][吞吐率：10.45req/s] [内存消耗：3,309.55kb] [文件加载：54]

---------------------------------------------------------------
[ 2019-03-16T03:21:46+08:00 ] ::1 ::1 POST /api/v1/order
[ log ] z.cn/api/v1/order [运行时间：0.068759s][吞吐率：14.54req/s] [内存消耗：3,887.15kb] [文件加载：63]

---------------------------------------------------------------
[ 2019-03-16T03:21:58+08:00 ] ::1 ::1 POST /api/v1/token/verify
[ log ] z.cn/api/v1/token/verify [运行时间：0.037985s][吞吐率：26.33req/s] [内存消耗：1,578.56kb] [文件加载：36]

---------------------------------------------------------------
[ 2019-03-16T03:21:59+08:00 ] ::1 ::1 POST /api/v1/token/verify
[ log ] z.cn/api/v1/token/verify [运行时间：0.042208s][吞吐率：23.69req/s] [内存消耗：1,578.56kb] [文件加载：36]

---------------------------------------------------------------
[ 2019-03-16T03:22:00+08:00 ] ::1 ::1 GET /api/v1/address
[ log ] z.cn/api/v1/address [运行时间：0.082663s][吞吐率：12.10req/s] [内存消耗：3,309.55kb] [文件加载：54]

---------------------------------------------------------------
[ 2019-03-16T03:22:00+08:00 ] ::1 ::1 GET /api/v1/order/by_user?page=1
[ log ] z.cn/api/v1/order/by_user?page=1 [运行时间：0.096797s][吞吐率：10.33req/s] [内存消耗：3,790.84kb] [文件加载：61]

---------------------------------------------------------------
[ 2019-03-16T04:06:17+08:00 ] ::1 ::1 GET /api/v1/product/recent
[ log ] z.cn/api/v1/product/recent [运行时间：0.115024s][吞吐率：8.69req/s] [内存消耗：3,536.46kb] [文件加载：53]

---------------------------------------------------------------
[ 2019-03-16T04:06:17+08:00 ] ::1 ::1 GET /api/v1/theme?ids=1,2,3
[ log ] z.cn/api/v1/theme?ids=1,2,3 [运行时间：0.118698s][吞吐率：8.42req/s] [内存消耗：3,670.39kb] [文件加载：57]

---------------------------------------------------------------
[ 2019-03-16T04:06:17+08:00 ] ::1 ::1 GET /api/v1/banner/%201
[ log ] z.cn/api/v1/banner/%201 [运行时间：0.127469s][吞吐率：7.85req/s] [内存消耗：3,751.02kb] [文件加载：60]

---------------------------------------------------------------
[ 2019-03-16T04:06:31+08:00 ] ::1 ::1 POST /api/v1/token/verify
[ log ] z.cn/api/v1/token/verify [运行时间：0.033469s][吞吐率：29.88req/s] [内存消耗：1,578.56kb] [文件加载：36]

---------------------------------------------------------------
[ 2019-03-16T04:06:31+08:00 ] ::1 ::1 GET /api/v1/address
[ log ] z.cn/api/v1/address [运行时间：0.092234s][吞吐率：10.84req/s] [内存消耗：3,309.55kb] [文件加载：54]

---------------------------------------------------------------
[ 2019-03-16T04:06:31+08:00 ] ::1 ::1 GET /api/v1/order/by_user?page=1
[ log ] z.cn/api/v1/order/by_user?page=1 [运行时间：0.133431s][吞吐率：7.49req/s] [内存消耗：3,790.84kb] [文件加载：61]

---------------------------------------------------------------
[ 2019-03-16T04:06:31+08:00 ] ::1 ::1 GET /api/v1/order/by_user?page=1
[ log ] z.cn/api/v1/order/by_user?page=1 [运行时间：0.111838s][吞吐率：8.94req/s] [内存消耗：3,790.81kb] [文件加载：61]

---------------------------------------------------------------
[ 2019-03-16T04:06:36+08:00 ] ::1 ::1 GET /api/v1/banner/%201
[ log ] z.cn/api/v1/banner/%201 [运行时间：0.204210s][吞吐率：4.90req/s] [内存消耗：3,751.02kb] [文件加载：60]

---------------------------------------------------------------
[ 2019-03-16T04:06:36+08:00 ] ::1 ::1 GET /api/v1/product/recent
[ log ] z.cn/api/v1/product/recent [运行时间：0.184446s][吞吐率：5.42req/s] [内存消耗：3,536.46kb] [文件加载：53]

---------------------------------------------------------------
[ 2019-03-16T04:06:36+08:00 ] ::1 ::1 GET /api/v1/theme?ids=1,2,3
[ log ] z.cn/api/v1/theme?ids=1,2,3 [运行时间：0.225976s][吞吐率：4.43req/s] [内存消耗：3,670.44kb] [文件加载：57]

---------------------------------------------------------------
[ 2019-03-16T04:06:50+08:00 ] ::1 ::1 GET /api/v1/product/4
[ log ] z.cn/api/v1/product/4 [运行时间：0.115866s][吞吐率：8.63req/s] [内存消耗：3,806.01kb] [文件加载：60]

---------------------------------------------------------------
[ 2019-03-16T04:06:55+08:00 ] ::1 ::1 GET /api/v1/address
[ log ] z.cn/api/v1/address [运行时间：0.081954s][吞吐率：12.20req/s] [内存消耗：3,309.55kb] [文件加载：54]

---------------------------------------------------------------
[ 2019-03-16T04:06:56+08:00 ] ::1 ::1 POST /api/v1/order
[ log ] z.cn/api/v1/order [运行时间：0.073584s][吞吐率：13.59req/s] [内存消耗：3,887.22kb] [文件加载：63]

---------------------------------------------------------------
[ 2019-03-16T04:06:58+08:00 ] ::1 ::1 GET /api/v1/order/by_user?page=1
[ log ] z.cn/api/v1/order/by_user?page=1 [运行时间：0.069753s][吞吐率：14.34req/s] [内存消耗：3,790.82kb] [文件加载：61]

---------------------------------------------------------------
[ 2019-03-16T04:09:40+08:00 ] ::1 ::1 POST /api/v1/token/verify
[ log ] z.cn/api/v1/token/verify [运行时间：0.065482s][吞吐率：15.27req/s] [内存消耗：1,578.56kb] [文件加载：36]

---------------------------------------------------------------
[ 2019-03-16T04:09:40+08:00 ] ::1 ::1 GET /api/v1/address
[ log ] z.cn/api/v1/address [运行时间：0.127932s][吞吐率：7.82req/s] [内存消耗：3,309.55kb] [文件加载：54]

---------------------------------------------------------------
[ 2019-03-16T04:09:40+08:00 ] ::1 ::1 GET /api/v1/order/by_user?page=1
[ log ] z.cn/api/v1/order/by_user?page=1 [运行时间：0.168377s][吞吐率：5.94req/s] [内存消耗：3,790.83kb] [文件加载：61]

---------------------------------------------------------------
[ 2019-03-16T04:09:46+08:00 ] ::1 ::1 POST /api/v1/address
[ log ] z.cn/api/v1/address [运行时间：0.174512s][吞吐率：5.73req/s] [内存消耗：3,752.91kb] [文件加载：64]

---------------------------------------------------------------
[ 2019-03-16T04:12:11+08:00 ] ::1 ::1 POST /api/v1/token/verify
[ log ] z.cn/api/v1/token/verify [运行时间：0.030036s][吞吐率：33.29req/s] [内存消耗：1,578.56kb] [文件加载：36]

---------------------------------------------------------------
[ 2019-03-16T04:12:11+08:00 ] ::1 ::1 GET /api/v1/address
[ log ] z.cn/api/v1/address [运行时间：0.105545s][吞吐率：9.47req/s] [内存消耗：3,309.55kb] [文件加载：54]

---------------------------------------------------------------
[ 2019-03-16T04:12:11+08:00 ] ::1 ::1 GET /api/v1/order/by_user?page=1
[ log ] z.cn/api/v1/order/by_user?page=1 [运行时间：0.122783s][吞吐率：8.14req/s] [内存消耗：3,790.83kb] [文件加载：61]

---------------------------------------------------------------
[ 2019-03-16T04:12:27+08:00 ] ::1 ::1 POST /api/v1/token/verify
[ log ] z.cn/api/v1/token/verify [运行时间：0.036535s][吞吐率：27.37req/s] [内存消耗：1,578.56kb] [文件加载：36]

---------------------------------------------------------------
[ 2019-03-16T04:12:28+08:00 ] ::1 ::1 GET /api/v1/address
[ log ] z.cn/api/v1/address [运行时间：0.088313s][吞吐率：11.32req/s] [内存消耗：3,309.55kb] [文件加载：54]

---------------------------------------------------------------
[ 2019-03-16T04:12:28+08:00 ] ::1 ::1 GET /api/v1/order/by_user?page=1
[ log ] z.cn/api/v1/order/by_user?page=1 [运行时间：0.104489s][吞吐率：9.57req/s] [内存消耗：3,790.83kb] [文件加载：61]

---------------------------------------------------------------
[ 2019-03-16T04:12:31+08:00 ] ::1 ::1 POST /api/v1/token/verify
[ log ] z.cn/api/v1/token/verify [运行时间：0.039308s][吞吐率：25.44req/s] [内存消耗：1,578.56kb] [文件加载：36]

---------------------------------------------------------------
[ 2019-03-16T04:12:32+08:00 ] ::1 ::1 GET /api/v1/product/recent
[ log ] z.cn/api/v1/product/recent [运行时间：0.110831s][吞吐率：9.02req/s] [内存消耗：3,536.46kb] [文件加载：53]

---------------------------------------------------------------
[ 2019-03-16T04:12:32+08:00 ] ::1 ::1 GET /api/v1/banner/%201
[ log ] z.cn/api/v1/banner/%201 [运行时间：0.137992s][吞吐率：7.25req/s] [内存消耗：3,751.02kb] [文件加载：60]

---------------------------------------------------------------
[ 2019-03-16T04:12:32+08:00 ] ::1 ::1 GET /api/v1/theme?ids=1,2,3
[ log ] z.cn/api/v1/theme?ids=1,2,3 [运行时间：0.141904s][吞吐率：7.05req/s] [内存消耗：3,670.44kb] [文件加载：57]

---------------------------------------------------------------
[ 2019-03-16T04:12:35+08:00 ] ::1 ::1 GET /api/v1/theme/1
[ log ] z.cn/api/v1/theme/1 [运行时间：0.101040s][吞吐率：9.90req/s] [内存消耗：3,832.58kb] [文件加载：60]

---------------------------------------------------------------
[ 2019-03-16T04:12:36+08:00 ] ::1 ::1 GET /api/v1/product/2
[ log ] z.cn/api/v1/product/2 [运行时间：0.117651s][吞吐率：8.50req/s] [内存消耗：3,808.11kb] [文件加载：60]

---------------------------------------------------------------
[ 2019-03-16T04:12:42+08:00 ] ::1 ::1 GET /api/v1/category/all
[ log ] z.cn/api/v1/category/all [运行时间：0.117593s][吞吐率：8.50req/s] [内存消耗：3,397.05kb] [文件加载：55]

---------------------------------------------------------------
[ 2019-03-16T04:12:42+08:00 ] ::1 ::1 GET /api/v1/product/by_category?id=2
[ log ] z.cn/api/v1/product/by_category?id=2 [运行时间：0.097508s][吞吐率：10.26req/s] [内存消耗：3,533.38kb] [文件加载：53]

---------------------------------------------------------------
[ 2019-03-16T21:20:19+08:00 ] ::1 ::1 POST /api/v1/token/app
[ log ] z.cn/api/v1/token/app [运行时间：0.083322s][吞吐率：12.00req/s] [内存消耗：3,208.37kb] [文件加载：50]

---------------------------------------------------------------
[ 2019-03-16T21:20:20+08:00 ] ::1 ::1 GET /api/v1/order/paginate?page=1&size=20
[ log ] z.cn/api/v1/order/paginate?page=1&size=20 [运行时间：0.117407s][吞吐率：8.52req/s] [内存消耗：3,794.23kb] [文件加载：61]

---------------------------------------------------------------
[ 2019-03-16T21:20:28+08:00 ] ::1 ::1 GET /api/v1/order/paginate?page=2&size=20
[ log ] z.cn/api/v1/order/paginate?page=2&size=20 [运行时间：0.084979s][吞吐率：11.77req/s] [内存消耗：3,764.80kb] [文件加载：61]

---------------------------------------------------------------
[ 2019-03-16T21:27:29+08:00 ] ::1 ::1 GET /api/v1/order/paginate?page=1&size=20
[ log ] z.cn/api/v1/order/paginate?page=1&size=20 [运行时间：0.122390s][吞吐率：8.17req/s] [内存消耗：3,794.29kb] [文件加载：61]

---------------------------------------------------------------
[ 2019-03-16T21:27:44+08:00 ] ::1 ::1 GET /api/v1/order/paginate?page=1&size=20
[ log ] z.cn/api/v1/order/paginate?page=1&size=20 [运行时间：0.112599s][吞吐率：8.88req/s] [内存消耗：3,794.29kb] [文件加载：61]

---------------------------------------------------------------
[ 2019-03-16T21:28:02+08:00 ] ::1 ::1 GET /api/v1/order/paginate?page=1&size=20
[ log ] z.cn/api/v1/order/paginate?page=1&size=20 [运行时间：0.115349s][吞吐率：8.67req/s] [内存消耗：3,794.29kb] [文件加载：61]

---------------------------------------------------------------
[ 2019-03-16T22:25:36+08:00 ] ::1 ::1 GET /api/v1/order/paginate?page=2&size=20
[ log ] z.cn/api/v1/order/paginate?page=2&size=20 [运行时间：0.120488s][吞吐率：8.30req/s] [内存消耗：3,764.80kb] [文件加载：61]

---------------------------------------------------------------
[ 2019-03-16T22:27:58+08:00 ] ::1 ::1 GET /api/v1/order/paginate?page=1&size=20
[ log ] z.cn/api/v1/order/paginate?page=1&size=20 [运行时间：0.093227s][吞吐率：10.73req/s] [内存消耗：3,794.29kb] [文件加载：61]

---------------------------------------------------------------
[ 2019-03-16T22:29:09+08:00 ] ::1 ::1 GET /api/v1/order/paginate?page=1&size=20
[ log ] z.cn/api/v1/order/paginate?page=1&size=20 [运行时间：0.118590s][吞吐率：8.43req/s] [内存消耗：3,794.38kb] [文件加载：61]

---------------------------------------------------------------
[ 2019-03-16T22:29:11+08:00 ] ::1 ::1 GET /api/v1/order/paginate?page=1&size=20
[ log ] z.cn/api/v1/order/paginate?page=1&size=20 [运行时间：0.081043s][吞吐率：12.34req/s] [内存消耗：3,794.23kb] [文件加载：61]

---------------------------------------------------------------
[ 2019-03-16T22:29:13+08:00 ] ::1 ::1 GET /api/v1/order/paginate?page=1&size=20
[ log ] z.cn/api/v1/order/paginate?page=1&size=20 [运行时间：0.104091s][吞吐率：9.61req/s] [内存消耗：3,794.23kb] [文件加载：61]

---------------------------------------------------------------
[ 2019-03-16T22:44:32+08:00 ] ::1 ::1 POST /api/v1/token/app
[ log ] z.cn/api/v1/token/app [运行时间：0.083646s][吞吐率：11.96req/s] [内存消耗：3,207.64kb] [文件加载：50]

---------------------------------------------------------------
[ 2019-03-16T22:44:32+08:00 ] ::1 ::1 GET /api/v1/order/paginate?page=1&size=20
[ log ] z.cn/api/v1/order/paginate?page=1&size=20 [运行时间：0.100760s][吞吐率：9.92req/s] [内存消耗：3,794.03kb] [文件加载：61]

---------------------------------------------------------------
