[ 2019-03-17T17:02:50+08:00 ] ::1 ::1 GET /api/v1/address
[ log ] z.cn/api/v1/address [运行时间：0.388781s][吞吐率：2.57req/s] [内存消耗：3,309.40kb] [文件加载：54]

---------------------------------------------------------------
[ 2019-03-17T17:02:50+08:00 ] ::1 ::1 GET /api/v1/order/by_user?page=1
[ log ] z.cn/api/v1/order/by_user?page=1 [运行时间：0.380905s][吞吐率：2.63req/s] [内存消耗：3,790.84kb] [文件加载：61]

---------------------------------------------------------------
[ 2019-03-17T17:02:54+08:00 ] ::1 ::1 GET /api/v1/order/19
[ log ] z.cn/api/v1/order/19 [运行时间：0.130226s][吞吐率：7.68req/s] [内存消耗：3,599.77kb] [文件加载：57]

---------------------------------------------------------------
[ 2019-03-17T17:03:35+08:00 ] ::1 ::1 GET /api/v1/order/by_user?page=2
[ log ] z.cn/api/v1/order/by_user?page=2 [运行时间：0.073078s][吞吐率：13.68req/s] [内存消耗：3,776.30kb] [文件加载：61]

---------------------------------------------------------------
[ 2019-03-17T17:03:36+08:00 ] ::1 ::1 GET /api/v1/order/by_user?page=3
[ log ] z.cn/api/v1/order/by_user?page=3 [运行时间：0.060066s][吞吐率：16.65req/s] [内存消耗：3,767.05kb] [文件加载：61]

---------------------------------------------------------------
[ 2019-03-17T17:24:09+08:00 ] ::1 ::1 GET /api/v1/product/8
[ log ] z.cn/api/v1/product/8 [运行时间：0.337970s][吞吐率：2.96req/s] [内存消耗：3,805.88kb] [文件加载：60]

---------------------------------------------------------------
[ 2019-03-17T17:24:28+08:00 ] ::1 ::1 GET /api/v1/address
[ log ] z.cn/api/v1/address [运行时间：0.150238s][吞吐率：6.66req/s] [内存消耗：3,309.41kb] [文件加载：54]

---------------------------------------------------------------
[ 2019-03-17T17:24:29+08:00 ] ::1 ::1 POST /api/v1/order
[ log ] z.cn/api/v1/order [运行时间：0.079121s][吞吐率：12.64req/s] [内存消耗：3,887.22kb] [文件加载：63]

---------------------------------------------------------------
[ 2019-03-17T17:24:30+08:00 ] ::1 ::1 GET /api/v1/order/by_user?page=3
[ log ] z.cn/api/v1/order/by_user?page=3 [运行时间：0.066858s][吞吐率：14.96req/s] [内存消耗：3,767.05kb] [文件加载：61]

---------------------------------------------------------------
[ 2019-03-17T17:24:51+08:00 ] ::1 ::1 POST /api/v1/token/verify
[ log ] z.cn/api/v1/token/verify [运行时间：0.053652s][吞吐率：18.64req/s] [内存消耗：1,578.52kb] [文件加载：36]

---------------------------------------------------------------
[ 2019-03-17T17:24:52+08:00 ] ::1 ::1 GET /api/v1/banner/%201
[ log ] z.cn/api/v1/banner/%201 [运行时间：0.116047s][吞吐率：8.62req/s] [内存消耗：3,751.02kb] [文件加载：60]

---------------------------------------------------------------
[ 2019-03-17T17:24:52+08:00 ] ::1 ::1 GET /api/v1/product/recent
[ log ] z.cn/api/v1/product/recent [运行时间：0.123114s][吞吐率：8.12req/s] [内存消耗：3,536.46kb] [文件加载：53]

---------------------------------------------------------------
[ 2019-03-17T17:24:52+08:00 ] ::1 ::1 GET /api/v1/theme?ids=1,2,3
[ log ] z.cn/api/v1/theme?ids=1,2,3 [运行时间：0.127646s][吞吐率：7.83req/s] [内存消耗：3,670.41kb] [文件加载：57]

---------------------------------------------------------------
[ 2019-03-17T17:24:54+08:00 ] ::1 ::1 GET /api/v1/address
[ log ] z.cn/api/v1/address [运行时间：0.078277s][吞吐率：12.78req/s] [内存消耗：3,309.55kb] [文件加载：54]

---------------------------------------------------------------
[ 2019-03-17T17:24:54+08:00 ] ::1 ::1 GET /api/v1/order/by_user?page=1
[ log ] z.cn/api/v1/order/by_user?page=1 [运行时间：0.096092s][吞吐率：10.41req/s] [内存消耗：3,790.88kb] [文件加载：61]

---------------------------------------------------------------
[ 2019-03-17T17:50:01+08:00 ] ::1 ::1 GET /api/v1/product/11
[ log ] z.cn/api/v1/product/11 [运行时间：0.333924s][吞吐率：2.99req/s] [内存消耗：3,811.83kb] [文件加载：60]

---------------------------------------------------------------
[ 2019-03-17T17:50:07+08:00 ] ::1 ::1 GET /api/v1/product/2
[ log ] z.cn/api/v1/product/2 [运行时间：0.117147s][吞吐率：8.54req/s] [内存消耗：3,808.11kb] [文件加载：60]

---------------------------------------------------------------
[ 2019-03-17T17:51:57+08:00 ] ::1 ::1 GET /api/v1/product/11
[ log ] z.cn/api/v1/product/11 [运行时间：0.130083s][吞吐率：7.69req/s] [内存消耗：3,811.83kb] [文件加载：60]

---------------------------------------------------------------
[ 2019-03-17T17:52:10+08:00 ] ::1 ::1 GET /api/v1/product/2
[ log ] z.cn/api/v1/product/2 [运行时间：0.116334s][吞吐率：8.60req/s] [内存消耗：3,808.11kb] [文件加载：60]

---------------------------------------------------------------
[ 2019-03-17T23:35:02+08:00 ] 127.0.0.1 127.0.0.1 GET /api/v1/product/1
[ log ] z.cn/api/v1/product/1 [运行时间：0.123564s][吞吐率：8.09req/s] [内存消耗：3,805.83kb] [文件加载：60]

---------------------------------------------------------------
