[ 2019-05-01T04:03:51+08:00 ] ::1 ::1 POST /api/v1/token/app
[ log ] z.cn/api/v1/token/app [运行时间：0.110136s][吞吐率：9.08req/s] [内存消耗：3,789.16kb] [文件加载：51]

---------------------------------------------------------------
[ 2019-05-01T04:03:51+08:00 ] ::1 ::1 POST /api/v1/token/app
[ log ] z.cn/api/v1/token/app [运行时间：0.186907s][吞吐率：5.35req/s] [内存消耗：3,789.11kb] [文件加载：51]

---------------------------------------------------------------
[ 2019-05-01T04:03:52+08:00 ] ::1 ::1 GET /api/v1/order/paginate?page=1&size=20
[ log ] z.cn/api/v1/order/paginate?page=1&size=20 [运行时间：0.127935s][吞吐率：7.82req/s] [内存消耗：4,464.20kb] [文件加载：62]

---------------------------------------------------------------
[ 2019-05-01T05:27:11+08:00 ] ::1 ::1 GET /api/v1/order/paginate?page=1&size=20
[ log ] z.cn/api/v1/order/paginate?page=1&size=20 [运行时间：0.136919s][吞吐率：7.30req/s] [内存消耗：4,464.20kb] [文件加载：62]

---------------------------------------------------------------
[ 2019-05-01T14:32:21+08:00 ] ::1 ::1 GET /api/v1/banner/%201
[ log ] z.cn/api/v1/banner/%201 [运行时间：0.335657s][吞吐率：2.98req/s] [内存消耗：4,416.98kb] [文件加载：61]

---------------------------------------------------------------
[ 2019-05-01T14:32:24+08:00 ] ::1 ::1 GET /api/v1/theme?ids=1,2,3
[ log ] z.cn/api/v1/theme?ids=1,2,3 [运行时间：0.135681s][吞吐率：7.37req/s] [内存消耗：4,332.69kb] [文件加载：58]

---------------------------------------------------------------
[ 2019-05-01T14:32:31+08:00 ] ::1 ::1 POST /api/v1/token/user
[ log ] z.cn/api/v1/token/user [运行时间：0.454571s][吞吐率：2.20req/s] [内存消耗：3,806.27kb] [文件加载：52]

---------------------------------------------------------------
[ 2019-05-01T15:07:48+08:00 ] ::1 ::1 POST /api/v1/token/user?XDEBUG_SESSION_START=19786
[ log ] z.cn/api/v1/token/user?XDEBUG_SESSION_START=19786 [运行时间：0.442672s][吞吐率：2.26req/s] [内存消耗：3,806.20kb] [文件加载：52]

---------------------------------------------------------------
[ 2019-05-01T15:18:21+08:00 ] ::1 ::1 POST /api/v1/token/user?XDEBUG_SESSION_START=19786
[ log ] z.cn/api/v1/token/user?XDEBUG_SESSION_START=19786 [运行时间：0.368225s][吞吐率：2.72req/s] [内存消耗：3,806.63kb] [文件加载：52]

---------------------------------------------------------------
[ 2019-05-01T15:46:33+08:00 ] ::1 ::1 POST /api/v1/token/verify
[ log ] z.cn/api/v1/token/verify [运行时间：0.163455s][吞吐率：6.12req/s] [内存消耗：1,849.79kb] [文件加载：37]

---------------------------------------------------------------
[ 2019-05-01T15:46:33+08:00 ] ::1 ::1 GET /api/v1/theme?ids=1,2,3
[ log ] z.cn/api/v1/theme?ids=1,2,3 [运行时间：0.187863s][吞吐率：5.32req/s] [内存消耗：4,332.84kb] [文件加载：58]

---------------------------------------------------------------
[ 2019-05-01T15:46:33+08:00 ] ::1 ::1 GET /api/v1/banner/%201
[ log ] z.cn/api/v1/banner/%201 [运行时间：0.192962s][吞吐率：5.18req/s] [内存消耗：4,416.90kb] [文件加载：61]

---------------------------------------------------------------
[ 2019-05-01T15:46:34+08:00 ] ::1 ::1 POST /api/v1/token/user
[ log ] z.cn/api/v1/token/user [运行时间：0.326888s][吞吐率：3.06req/s] [内存消耗：3,806.65kb] [文件加载：52]

---------------------------------------------------------------
[ 2019-05-01T15:50:07+08:00 ] ::1 ::1 POST /api/v1/token/verify
[ log ] z.cn/api/v1/token/verify [运行时间：0.050482s][吞吐率：19.81req/s] [内存消耗：1,849.83kb] [文件加载：37]

---------------------------------------------------------------
[ 2019-05-01T15:50:08+08:00 ] ::1 ::1 GET /api/v1/theme?ids=1,2,3
[ log ] z.cn/api/v1/theme?ids=1,2,3 [运行时间：0.139856s][吞吐率：7.15req/s] [内存消耗：4,332.84kb] [文件加载：58]

---------------------------------------------------------------
[ 2019-05-01T15:50:08+08:00 ] ::1 ::1 GET /api/v1/banner/%201
[ log ] z.cn/api/v1/banner/%201 [运行时间：0.174296s][吞吐率：5.74req/s] [内存消耗：4,416.90kb] [文件加载：61]

---------------------------------------------------------------
[ 2019-05-01T15:57:06+08:00 ] 127.0.0.1 127.0.0.1 GET /api/v1/product/15
[ log ] z.cn/api/v1/product/15 [运行时间：0.108818s][吞吐率：9.19req/s] [内存消耗：4,323.57kb] [文件加载：58]

---------------------------------------------------------------
[ 2019-05-01T15:57:48+08:00 ] 127.0.0.1 127.0.0.1 GET /api/v1/product/recent
[ log ] z.cn/api/v1/product/recent [运行时间：0.111701s][吞吐率：8.95req/s] [内存消耗：4,170.43kb] [文件加载：54]

---------------------------------------------------------------
[ 2019-05-01T15:57:55+08:00 ] 127.0.0.1 127.0.0.1 GET /api/v1/product/recent?count=12
[ log ] z.cn/api/v1/product/recent?count=12 [运行时间：0.092368s][吞吐率：10.83req/s] [内存消耗：4,168.25kb] [文件加载：54]

---------------------------------------------------------------
[ 2019-05-01T15:57:58+08:00 ] 127.0.0.1 127.0.0.1 GET /api/v1/product/recent?count=1
[ log ] z.cn/api/v1/product/recent?count=1 [运行时间：0.085247s][吞吐率：11.73req/s] [内存消耗：4,159.48kb] [文件加载：54]

---------------------------------------------------------------
[ 2019-05-01T15:58:51+08:00 ] ::1 ::1 POST /api/v1/token/verify
[ log ] z.cn/api/v1/token/verify [运行时间：0.091856s][吞吐率：10.89req/s] [内存消耗：1,849.69kb] [文件加载：37]

---------------------------------------------------------------
[ 2019-05-01T15:58:52+08:00 ] ::1 ::1 GET /api/v1/banner/%201
[ log ] z.cn/api/v1/banner/%201 [运行时间：0.174743s][吞吐率：5.72req/s] [内存消耗：4,416.91kb] [文件加载：61]

---------------------------------------------------------------
[ 2019-05-01T15:58:52+08:00 ] ::1 ::1 GET /api/v1/product/recent
[ log ] z.cn/api/v1/product/recent [运行时间：0.153511s][吞吐率：6.51req/s] [内存消耗：4,171.91kb] [文件加载：54]

---------------------------------------------------------------
[ 2019-05-01T15:58:52+08:00 ] ::1 ::1 GET /api/v1/theme?ids=1,2,3
[ log ] z.cn/api/v1/theme?ids=1,2,3 [运行时间：0.286113s][吞吐率：3.50req/s] [内存消耗：4,332.49kb] [文件加载：58]

---------------------------------------------------------------
