[ 2019-05-06T17:14:40+08:00 ] ::1 ::1 GET /api/v1/banner/1
[ log ] z.cn/api/v1/banner/1 [运行时间：0.179083s][吞吐率：5.58req/s] [内存消耗：4,416.47kb] [文件加载：61]

---------------------------------------------------------------
[ 2019-05-06T17:17:24+08:00 ] ::1 ::1 GET /api/banner/1
[ log ] z.cn/api/banner/1 [运行时间：0.150955s][吞吐率：6.62req/s] [内存消耗：4,409.84kb] [文件加载：61]

---------------------------------------------------------------
[ 2019-05-06T17:18:56+08:00 ] ::1 ::1 GET /admin/product/add
[ log ] z.cn/admin/product/add [运行时间：0.100446s][吞吐率：9.96req/s] [内存消耗：4,029.45kb] [文件加载：51]

---------------------------------------------------------------
[ 2019-05-06T17:21:08+08:00 ] ::1 ::1 GET /admin/login/login
[ log ] z.cn/admin/login/login [运行时间：0.068064s][吞吐率：14.69req/s] [内存消耗：2,315.83kb] [文件加载：40]

---------------------------------------------------------------
[ 2019-05-06T17:21:42+08:00 ] ::1 ::1 GET /admin/login/login
[ log ] z.cn/admin/login/login [运行时间：0.064177s][吞吐率：15.58req/s] [内存消耗：2,083.32kb] [文件加载：37]

---------------------------------------------------------------
[ 2019-05-06T17:47:05+08:00 ] ::1 ::1 GET /admin/login/login
[ log ] z.cn/admin/login/login [运行时间：0.059152s][吞吐率：16.91req/s] [内存消耗：2,082.93kb] [文件加载：37]

---------------------------------------------------------------
[ 2019-05-06T17:55:20+08:00 ] ::1 ::1 GET /admin/login/login
[ log ] z.cn/admin/login/login [运行时间：0.062676s][吞吐率：15.96req/s] [内存消耗：2,303.61kb] [文件加载：39]

---------------------------------------------------------------
[ 2019-05-06T18:00:27+08:00 ] ::1 ::1 POST /admin/login/login
[ log ] z.cn/admin/login/login [运行时间：0.084330s][吞吐率：11.86req/s] [内存消耗：3,836.13kb] [文件加载：46]

---------------------------------------------------------------
[ 2019-05-06T18:00:35+08:00 ] ::1 ::1 POST /admin/login/login
[ log ] z.cn/admin/login/login [运行时间：0.091874s][吞吐率：10.88req/s] [内存消耗：3,836.03kb] [文件加载：46]

---------------------------------------------------------------
[ 2019-05-06T18:08:06+08:00 ] ::1 ::1 GET /admin/login/login
[ log ] z.cn/admin/login/login [运行时间：0.050580s][吞吐率：19.77req/s] [内存消耗：2,082.88kb] [文件加载：37]

---------------------------------------------------------------
[ 2019-05-06T18:12:57+08:00 ] ::1 ::1 GET /admin/login/login
[ log ] z.cn/admin/login/login [运行时间：0.057518s][吞吐率：17.39req/s] [内存消耗：2,082.88kb] [文件加载：37]

---------------------------------------------------------------
[ 2019-05-06T18:13:57+08:00 ] ::1 ::1 GET /admin/login/login
[ log ] z.cn/admin/login/login [运行时间：0.049097s][吞吐率：20.37req/s] [内存消耗：2,082.88kb] [文件加载：37]

---------------------------------------------------------------
[ 2019-05-06T18:15:40+08:00 ] ::1 ::1 GET /admin/login/login
[ log ] z.cn/admin/login/login [运行时间：0.056655s][吞吐率：17.65req/s] [内存消耗：2,082.88kb] [文件加载：37]

---------------------------------------------------------------
